Determining if the include file pthread.h exists failed with the following output:
Change Dir: N:/Development/Dev_Base/curl-7.81.0/msvc/CMakeFiles/CMakeTmp

Run Build Command(s):C:/Program Files (x86)/Microsoft Visual Studio/2019/Enterprise/MSBuild/Current/Bin/MSBuild.exe cmTC_13e22.vcxproj /p:Configuration=Debug /p:Platform=x64 /p:VisualStudioVersion=16.0 /v:m && Microsoft (R) Build Engine version 16.11.2+f32259642 for .NET Framework
Copyright (C) Microsoft Corporation. All rights reserved.

  Microsoft (R) C/C++ Optimizing Compiler Version 19.29.30138 for x64
  Copyright (C) Microsoft Corporation.  All rights reserved.
  CheckIncludeFile.c
  cl /c /I"C:\Program Files (x86)\Visual Leak Detector\include" /Zi /W1 /WX- /diagnostics:column /Od /Ob0 /D WIN32 /D _WINDOWS /D _WIN32_WINNT=0x0600 /D _WINSOCKAPI_= /D "CMAKE_INTDIR=\"Debug\"" /D _MBCS /Gm- /RTC1 /MDd /GS /fp:precise /Zc:wchar_t /Zc:forScope /Zc:inline /Fo"cmTC_13e22.dir\Debug\\" /Fd"cmTC_13e22.dir\Debug\vc142.pdb" /external:W1 /Gd /TC /errorReport:queue "N:\Development\Dev_Base\curl-7.81.0\msvc\CMakeFiles\CMakeTmp\CheckIncludeFile.c"
N:\Development\Dev_Base\curl-7.81.0\msvc\CMakeFiles\CMakeTmp\CheckIncludeFile.c(1,10): fatal error C1083: Cannot open include file: 'pthread.h': No such file or directory [N:\Development\Dev_Base\curl-7.81.0\msvc\CMakeFiles\CMakeTmp\cmTC_13e22.vcxproj]



Determining if files ;winldap.h exist failed with the following output:
Change Dir: N:/Development/Dev_Base/curl-7.81.0/msvc/CMakeFiles/CMakeTmp

Run Build Command(s):C:/Program Files (x86)/Microsoft Visual Studio/2019/Enterprise/MSBuild/Current/Bin/MSBuild.exe cmTC_68077.vcxproj /p:Configuration=Debug /p:Platform=x64 /p:VisualStudioVersion=16.0 /v:m && Microsoft (R) Build Engine version 16.11.2+f32259642 for .NET Framework
Copyright (C) Microsoft Corporation. All rights reserved.

  Microsoft (R) C/C++ Optimizing Compiler Version 19.29.30138 for x64
  Copyright (C) Microsoft Corporation.  All rights reserved.
  HAVE_WINLDAP_H.c
  cl /c /I"C:\Program Files (x86)\Visual Leak Detector\include" /Zi /W1 /WX- /diagnostics:column /Od /Ob0 /D WIN32 /D _WINDOWS /D _WIN32_WINNT=0x0600 /D _WINSOCKAPI_= /D "CMAKE_INTDIR=\"Debug\"" /D _MBCS /Gm- /RTC1 /MDd /GS /fp:precise /Zc:wchar_t /Zc:forScope /Zc:inline /Fo"cmTC_68077.dir\Debug\\" /Fd"cmTC_68077.dir\Debug\vc142.pdb" /external:W1 /Gd /TC /errorReport:queue "N:\Development\Dev_Base\curl-7.81.0\msvc\CMakeFiles\CheckIncludeFiles\HAVE_WINLDAP_H.c"
C:\Program Files (x86)\Windows Kits\10\Include\10.0.19041.0\um\winnt.h(173,1): fatal error C1189: #error:  "No Target Architecture" [N:\Development\Dev_Base\curl-7.81.0\msvc\CMakeFiles\CMakeTmp\cmTC_68077.vcxproj]


Source:
/* */
#include <winldap.h>


int main(void){return 0;}

Determining if files ;winber.h exist failed with the following output:
Change Dir: N:/Development/Dev_Base/curl-7.81.0/msvc/CMakeFiles/CMakeTmp

Run Build Command(s):C:/Program Files (x86)/Microsoft Visual Studio/2019/Enterprise/MSBuild/Current/Bin/MSBuild.exe cmTC_fe035.vcxproj /p:Configuration=Debug /p:Platform=x64 /p:VisualStudioVersion=16.0 /v:m && Microsoft (R) Build Engine version 16.11.2+f32259642 for .NET Framework
Copyright (C) Microsoft Corporation. All rights reserved.

  Microsoft (R) C/C++ Optimizing Compiler Version 19.29.30138 for x64
  Copyright (C) Microsoft Corporation.  All rights reserved.
  HAVE_WINBER_H.c
  cl /c /I"C:\Program Files (x86)\Visual Leak Detector\include" /Zi /W1 /WX- /diagnostics:column /Od /Ob0 /D WIN32 /D _WINDOWS /D _WIN32_WINNT=0x0600 /D _WINSOCKAPI_= /D "CMAKE_INTDIR=\"Debug\"" /D _MBCS /Gm- /RTC1 /MDd /GS /fp:precise /Zc:wchar_t /Zc:forScope /Zc:inline /Fo"cmTC_fe035.dir\Debug\\" /Fd"cmTC_fe035.dir\Debug\vc142.pdb" /external:W1 /Gd /TC /errorReport:queue "N:\Development\Dev_Base\curl-7.81.0\msvc\CMakeFiles\CheckIncludeFiles\HAVE_WINBER_H.c"
C:\Program Files (x86)\Windows Kits\10\Include\10.0.19041.0\um\winber.h(67,11): error C2061: syntax error: identifier 'BerElement' [N:\Development\Dev_Base\curl-7.81.0\msvc\CMakeFiles\CMakeTmp\cmTC_fe035.vcxproj]
C:\Program Files (x86)\Windows Kits\10\Include\10.0.19041.0\um\winber.h(67,11): error C2059: syntax error: ';' [N:\Development\Dev_Base\curl-7.81.0\msvc\CMakeFiles\CMakeTmp\cmTC_fe035.vcxproj]
C:\Program Files (x86)\Windows Kits\10\Include\10.0.19041.0\um\winber.h(67,48): error C2143: syntax error: missing ')' before '*' [N:\Development\Dev_Base\curl-7.81.0\msvc\CMakeFiles\CMakeTmp\cmTC_fe035.vcxproj]
C:\Program Files (x86)\Windows Kits\10\Include\10.0.19041.0\um\winber.h(67,48): error C2143: syntax error: missing '{' before '*' [N:\Development\Dev_Base\curl-7.81.0\msvc\CMakeFiles\CMakeTmp\cmTC_fe035.vcxproj]
C:\Program Files (x86)\Windows Kits\10\Include\10.0.19041.0\um\winber.h(67,57): error C2059: syntax error: ')' [N:\Development\Dev_Base\curl-7.81.0\msvc\CMakeFiles\CMakeTmp\cmTC_fe035.vcxproj]
C:\Program Files (x86)\Windows Kits\10\Include\10.0.19041.0\um\winber.h(76,11): error C2061: syntax error: identifier 'VOID' [N:\Development\Dev_Base\curl-7.81.0\msvc\CMakeFiles\CMakeTmp\cmTC_fe035.vcxproj]
C:\Program Files (x86)\Windows Kits\10\Include\10.0.19041.0\um\winber.h(76,11): error C2059: syntax error: ';' [N:\Development\Dev_Base\curl-7.81.0\msvc\CMakeFiles\CMakeTmp\cmTC_fe035.vcxproj]
C:\Program Files (x86)\Windows Kits\10\Include\10.0.19041.0\um\winber.h(76,44): error C2143: syntax error: missing ')' before '*' [N:\Development\Dev_Base\curl-7.81.0\msvc\CMakeFiles\CMakeTmp\cmTC_fe035.vcxproj]
C:\Program Files (x86)\Windows Kits\10\Include\10.0.19041.0\um\winber.h(76,44): error C2143: syntax error: missing '{' before '*' [N:\Development\Dev_Base\curl-7.81.0\msvc\CMakeFiles\CMakeTmp\cmTC_fe035.vcxproj]
C:\Program Files (x86)\Windows Kits\10\Include\10.0.19041.0\um\winber.h(76,62): error C2146: syntax error: missing ';' before identifier 'fbuf' [N:\Development\Dev_Base\curl-7.81.0\msvc\CMakeFiles\CMakeTmp\cmTC_fe035.vcxproj]
C:\Program Files (x86)\Windows Kits\10\Include\10.0.19041.0\um\winber.h(76,67): error C2059: syntax error: ')' [N:\Development\Dev_Base\curl-7.81.0\msvc\CMakeFiles\CMakeTmp\cmTC_fe035.vcxproj]
C:\Program Files (x86)\Windows Kits\10\Include\10.0.19041.0\um\winber.h(84,11): error C2061: syntax error: identifier 'VOID' [N:\Development\Dev_Base\curl-7.81.0\msvc\CMakeFiles\CMakeTmp\cmTC_fe035.vcxproj]
C:\Program Files (x86)\Windows Kits\10\Include\10.0.19041.0\um\winber.h(84,11): error C2059: syntax error: ';' [N:\Development\Dev_Base\curl-7.81.0\msvc\CMakeFiles\CMakeTmp\cmTC_fe035.vcxproj]
C:\Program Files (x86)\Windows Kits\10\Include\10.0.19041.0\um\winber.h(84,42): error C2143: syntax error: missing ')' before '*' [N:\Development\Dev_Base\curl-7.81.0\msvc\CMakeFiles\CMakeTmp\cmTC_fe035.vcxproj]
C:\Program Files (x86)\Windows Kits\10\Include\10.0.19041.0\um\winber.h(84,42): error C2143: syntax error: missing '{' before '*' [N:\Development\Dev_Base\curl-7.81.0\msvc\CMakeFiles\CMakeTmp\cmTC_fe035.vcxproj]
C:\Program Files (x86)\Windows Kits\10\Include\10.0.19041.0\um\winber.h(84,51): error C2059: syntax error: ')' [N:\Development\Dev_Base\curl-7.81.0\msvc\CMakeFiles\CMakeTmp\cmTC_fe035.vcxproj]
C:\Program Files (x86)\Windows Kits\10\Include\10.0.19041.0\um\winber.h(91,11): error C2061: syntax error: identifier 'VOID' [N:\Development\Dev_Base\curl-7.81.0\msvc\CMakeFiles\CMakeTmp\cmTC_fe035.vcxproj]
C:\Program Files (x86)\Windows Kits\10\Include\10.0.19041.0\um\winber.h(91,11): error C2059: syntax error: ';' [N:\Development\Dev_Base\curl-7.81.0\msvc\CMakeFiles\CMakeTmp\cmTC_fe035.vcxproj]
C:\Program Files (x86)\Windows Kits\10\Include\10.0.19041.0\um\winber.h(91,45): error C2143: syntax error: missing ')' before '*' [N:\Development\Dev_Base\curl-7.81.0\msvc\CMakeFiles\CMakeTmp\cmTC_fe035.vcxproj]
C:\Program Files (x86)\Windows Kits\10\Include\10.0.19041.0\um\winber.h(91,45): error C2143: syntax error: missing '{' before '*' [N:\Development\Dev_Base\curl-7.81.0\msvc\CMakeFiles\CMakeTmp\cmTC_fe035.vcxproj]
C:\Program Files (x86)\Windows Kits\10\Include\10.0.19041.0\um\winber.h(91,54): error C2059: syntax error: ')' [N:\Development\Dev_Base\curl-7.81.0\msvc\CMakeFiles\CMakeTmp\cmTC_fe035.vcxproj]
C:\Program Files (x86)\Windows Kits\10\Include\10.0.19041.0\um\winber.h(97,11): error C2061: syntax error: identifier 'BERVAL' [N:\Development\Dev_Base\curl-7.81.0\msvc\CMakeFiles\CMakeTmp\cmTC_fe035.vcxproj]
C:\Program Files (x86)\Windows Kits\10\Include\10.0.19041.0\um\winber.h(97,11): error C2059: syntax error: ';' [N:\Development\Dev_Base\curl-7.81.0\msvc\CMakeFiles\CMakeTmp\cmTC_fe035.vcxproj]
C:\Program Files (x86)\Windows Kits\10\Include\10.0.19041.0\um\winber.h(97,45): error C2143: syntax error: missing ')' before '*' [N:\Development\Dev_Base\curl-7.81.0\msvc\CMakeFiles\CMakeTmp\cmTC_fe035.vcxproj]
C:\Program Files (x86)\Windows Kits\10\Include\10.0.19041.0\um\winber.h(97,45): error C2143: syntax error: missing '{' before '*' [N:\Development\Dev_Base\curl-7.81.0\msvc\CMakeFiles\CMakeTmp\cmTC_fe035.vcxproj]
C:\Program Files (x86)\Windows Kits\10\Include\10.0.19041.0\um\winber.h(97,54): error C2059: syntax error: ')' [N:\Development\Dev_Base\curl-7.81.0\msvc\CMakeFiles\CMakeTmp\cmTC_fe035.vcxproj]
C:\Program Files (x86)\Windows Kits\10\Include\10.0.19041.0\um\winber.h(108,11): error C2061: syntax error: identifier 'BerElement' [N:\Development\Dev_Base\curl-7.81.0\msvc\CMakeFiles\CMakeTmp\cmTC_fe035.vcxproj]
C:\Program Files (x86)\Windows Kits\10\Include\10.0.19041.0\um\winber.h(108,11): error C2059: syntax error: ';' [N:\Development\Dev_Base\curl-7.81.0\msvc\CMakeFiles\CMakeTmp\cmTC_fe035.vcxproj]
C:\Program Files (x86)\Windows Kits\10\Include\10.0.19041.0\um\winber.h(108,48): error C2146: syntax error: missing ')' before identifier 'options' [N:\Development\Dev_Base\curl-7.81.0\msvc\CMakeFiles\CMakeTmp\cmTC_fe035.vcxproj]
C:\Program Files (x86)\Windows Kits\10\Include\10.0.19041.0\um\winber.h(108,48): error C2061: syntax error: identifier 'options' [N:\Development\Dev_Base\curl-7.81.0\msvc\CMakeFiles\CMakeTmp\cmTC_fe035.vcxproj]
C:\Program Files (x86)\Windows Kits\10\Include\10.0.19041.0\um\winber.h(108,48): error C2059: syntax error: ';' [N:\Development\Dev_Base\curl-7.81.0\msvc\CMakeFiles\CMakeTmp\cmTC_fe035.vcxproj]
C:\Program Files (x86)\Windows Kits\10\Include\10.0.19041.0\um\winber.h(108,56): error C2059: syntax error: ')' [N:\Development\Dev_Base\curl-7.81.0\msvc\CMakeFiles\CMakeTmp\cmTC_fe035.vcxproj]
C:\Program Files (x86)\Windows Kits\10\Include\10.0.19041.0\um\winber.h(124,11): error C2061: syntax error: identifier 'ULONG' [N:\Development\Dev_Base\curl-7.81.0\msvc\CMakeFiles\CMakeTmp\cmTC_fe035.vcxproj]
C:\Program Files (x86)\Windows Kits\10\Include\10.0.19041.0\um\winber.h(124,11): error C2059: syntax error: ';' [N:\Development\Dev_Base\curl-7.81.0\msvc\CMakeFiles\CMakeTmp\cmTC_fe035.vcxproj]
C:\Program Files (x86)\Windows Kits\10\Include\10.0.19041.0\um\winber.h(124,49): error C2143: syntax error: missing ')' before '*' [N:\Development\Dev_Base\curl-7.81.0\msvc\CMakeFiles\CMakeTmp\cmTC_fe035.vcxproj]
C:\Program Files (x86)\Windows Kits\10\Include\10.0.19041.0\um\winber.h(124,49): error C2143: syntax error: missing '{' before '*' [N:\Development\Dev_Base\curl-7.81.0\msvc\CMakeFiles\CMakeTmp\cmTC_fe035.vcxproj]
C:\Program Files (x86)\Windows Kits\10\Include\10.0.19041.0\um\winber.h(124,69): error C2143: syntax error: missing ';' before '*' [N:\Development\Dev_Base\curl-7.81.0\msvc\CMakeFiles\CMakeTmp\cmTC_fe035.vcxproj]
C:\Program Files (x86)\Windows Kits\10\Include\10.0.19041.0\um\winber.h(124,75): error C2059: syntax error: ')' [N:\Development\Dev_Base\curl-7.81.0\msvc\CMakeFiles\CMakeTmp\cmTC_fe035.vcxproj]
C:\Program Files (x86)\Windows Kits\10\Include\10.0.19041.0\um\winber.h(135,11): error C2061: syntax error: identifier 'ULONG' [N:\Development\Dev_Base\curl-7.81.0\msvc\CMakeFiles\CMakeTmp\cmTC_fe035.vcxproj]
C:\Program Files (x86)\Windows Kits\10\Include\10.0.19041.0\um\winber.h(135,11): error C2059: syntax error: ';' [N:\Development\Dev_Base\curl-7.81.0\msvc\CMakeFiles\CMakeTmp\cmTC_fe035.vcxproj]
C:\Program Files (x86)\Windows Kits\10\Include\10.0.19041.0\um\winber.h(135,49): error C2143: syntax error: missing ')' before '*' [N:\Development\Dev_Base\curl-7.81.0\msvc\CMakeFiles\CMakeTmp\cmTC_fe035.vcxproj]
C:\Program Files (x86)\Windows Kits\10\Include\10.0.19041.0\um\winber.h(135,49): error C2143: syntax error: missing '{' before '*' [N:\Development\Dev_Base\curl-7.81.0\msvc\CMakeFiles\CMakeTmp\cmTC_fe035.vcxproj]
C:\Program Files (x86)\Windows Kits\10\Include\10.0.19041.0\um\winber.h(135,69): error C2143: syntax error: missing ';' before '*' [N:\Development\Dev_Base\curl-7.81.0\msvc\CMakeFiles\CMakeTmp\cmTC_fe035.vcxproj]
C:\Program Files (x86)\Windows Kits\10\Include\10.0.19041.0\um\winber.h(135,74): error C2059: syntax error: ')' [N:\Development\Dev_Base\curl-7.81.0\msvc\CMakeFiles\CMakeTmp\cmTC_fe035.vcxproj]
C:\Program Files (x86)\Windows Kits\10\Include\10.0.19041.0\um\winber.h(146,11): error C2061: syntax error: identifier 'ULONG' [N:\Development\Dev_Base\curl-7.81.0\msvc\CMakeFiles\CMakeTmp\cmTC_fe035.vcxproj]
C:\Program Files (x86)\Windows Kits\10\Include\10.0.19041.0\um\winber.h(146,11): error C2059: syntax error: ';' [N:\Development\Dev_Base\curl-7.81.0\msvc\CMakeFiles\CMakeTmp\cmTC_fe035.vcxproj]
C:\Program Files (x86)\Windows Kits\10\Include\10.0.19041.0\um\winber.h(146,54): error C2143: syntax error: missing ')' before '*' [N:\Development\Dev_Base\curl-7.81.0\msvc\CMakeFiles\CMakeTmp\cmTC_fe035.vcxproj]
C:\Program Files (x86)\Windows Kits\10\Include\10.0.19041.0\um\winber.h(146,54): error C2143: syntax error: missing '{' before '*' [N:\Development\Dev_Base\curl-7.81.0\msvc\CMakeFiles\CMakeTmp\cmTC_fe035.vcxproj]
C:\Program Files (x86)\Windows Kits\10\Include\10.0.19041.0\um\winber.h(146,74): error C2143: syntax error: missing ';' before '*' [N:\Development\Dev_Base\curl-7.81.0\msvc\CMakeFiles\CMakeTmp\cmTC_fe035.vcxproj]
C:\Program Files (x86)\Windows Kits\10\Include\10.0.19041.0\um\winber.h(146,87): error C2146: syntax error: missing ';' before identifier 'CHAR' [N:\Development\Dev_Base\curl-7.81.0\msvc\CMakeFiles\CMakeTmp\cmTC_fe035.vcxproj]
C:\Program Files (x86)\Windows Kits\10\Include\10.0.19041.0\um\winber.h(146,92): error C2143: syntax error: missing '{' before '*' [N:\Development\Dev_Base\curl-7.81.0\msvc\CMakeFiles\CMakeTmp\cmTC_fe035.vcxproj]
C:\Program Files (x86)\Windows Kits\10\Include\10.0.19041.0\um\winber.h(146,103): error C2059: syntax error: ')' [N:\Development\Dev_Base\curl-7.81.0\msvc\CMakeFiles\CMakeTmp\cmTC_fe035.vcxproj]
C:\Program Files (x86)\Windows Kits\10\Include\10.0.19041.0\um\winber.h(156,11): error C2061: syntax error: identifier 'ULONG' [N:\Development\Dev_Base\curl-7.81.0\msvc\CMakeFiles\CMakeTmp\cmTC_fe035.vcxproj]
C:\Program Files (x86)\Windows Kits\10\Include\10.0.19041.0\um\winber.h(156,11): error C2059: syntax error: ';' [N:\Development\Dev_Base\curl-7.81.0\msvc\CMakeFiles\CMakeTmp\cmTC_fe035.vcxproj]
C:\Program Files (x86)\Windows Kits\10\Include\10.0.19041.0\um\winber.h(156,53): error C2143: syntax error: missing ')' before '*' [N:\Development\Dev_Base\curl-7.81.0\msvc\CMakeFiles\CMakeTmp\cmTC_fe035.vcxproj]
C:\Program Files (x86)\Windows Kits\10\Include\10.0.19041.0\um\winber.h(156,53): error C2143: syntax error: missing '{' before '*' [N:\Development\Dev_Base\curl-7.81.0\msvc\CMakeFiles\CMakeTmp\cmTC_fe035.vcxproj]
C:\Program Files (x86)\Windows Kits\10\Include\10.0.19041.0\um\winber.h(156,73): error C2143: syntax error: missing ';' before '*' [N:\Development\Dev_Base\curl-7.81.0\msvc\CMakeFiles\CMakeTmp\cmTC_fe035.vcxproj]
C:\Program Files (x86)\Windows Kits\10\Include\10.0.19041.0\um\winber.h(156,85): error C2146: syntax error: missing ';' before identifier 'CHAR' [N:\Development\Dev_Base\curl-7.81.0\msvc\CMakeFiles\CMakeTmp\cmTC_fe035.vcxproj]
C:\Program Files (x86)\Windows Kits\10\Include\10.0.19041.0\um\winber.h(156,90): error C2143: syntax error: missing '{' before '*' [N:\Development\Dev_Base\curl-7.81.0\msvc\CMakeFiles\CMakeTmp\cmTC_fe035.vcxproj]
C:\Program Files (x86)\Windows Kits\10\Include\10.0.19041.0\um\winber.h(156,98): error C2059: syntax error: ')' [N:\Development\Dev_Base\curl-7.81.0\msvc\CMakeFiles\CMakeTmp\cmTC_fe035.vcxproj]
C:\Program Files (x86)\Windows Kits\10\Include\10.0.19041.0\um\winber.h(165,11): error C2061: syntax error: identifier 'INT' [N:\Development\Dev_Base\curl-7.81.0\msvc\CMakeFiles\CMakeTmp\cmTC_fe035.vcxproj]
C:\Program Files (x86)\Windows Kits\10\Include\10.0.19041.0\um\winber.h(165,11): error C2059: syntax error: ';' [N:\Development\Dev_Base\curl-7.81.0\msvc\CMakeFiles\CMakeTmp\cmTC_fe035.vcxproj]
C:\Program Files (x86)\Windows Kits\10\Include\10.0.19041.0\um\winber.h(165,46): error C2143: syntax error: missing ')' before '*' [N:\Development\Dev_Base\curl-7.81.0\msvc\CMakeFiles\CMakeTmp\cmTC_fe035.vcxproj]
C:\Program Files (x86)\Windows Kits\10\Include\10.0.19041.0\um\winber.h(165,46): error C2143: syntax error: missing '{' before '*' [N:\Development\Dev_Base\curl-7.81.0\msvc\CMakeFiles\CMakeTmp\cmTC_fe035.vcxproj]
C:\Program Files (x86)\Windows Kits\10\Include\10.0.19041.0\um\winber.h(165,68): error C2143: syntax error: missing ';' before '*' [N:\Development\Dev_Base\curl-7.81.0\msvc\CMakeFiles\CMakeTmp\cmTC_fe035.vcxproj]
C:\Program Files (x86)\Windows Kits\10\Include\10.0.19041.0\um\winber.h(165,77): error C2059: syntax error: ')' [N:\Development\Dev_Base\curl-7.81.0\msvc\CMakeFiles\CMakeTmp\cmTC_fe035.vcxproj]
C:\Program Files (x86)\Windows Kits\10\Include\10.0.19041.0\um\winber.h(248,11): error C2061: syntax error: identifier 'INT' [N:\Development\Dev_Base\curl-7.81.0\msvc\CMakeFiles\CMakeTmp\cmTC_fe035.vcxproj]
C:\Program Files (x86)\Windows Kits\10\Include\10.0.19041.0\um\winber.h(248,11): error C2059: syntax error: ';' [N:\Development\Dev_Base\curl-7.81.0\msvc\CMakeFiles\CMakeTmp\cmTC_fe035.vcxproj]
C:\Program Files (x86)\Windows Kits\10\Include\10.0.19041.0\um\winber.h(248,45): error C2143: syntax error: missing ')' before '*' [N:\Development\Dev_Base\curl-7.81.0\msvc\CMakeFiles\CMakeTmp\cmTC_fe035.vcxproj]
C:\Program Files (x86)\Windows Kits\10\Include\10.0.19041.0\um\winber.h(248,45): error C2143: syntax error: missing '{' before '*' [N:\Development\Dev_Base\curl-7.81.0\msvc\CMakeFiles\CMakeTmp\cmTC_fe035.vcxproj]
C:\Program Files (x86)\Windows Kits\10\Include\10.0.19041.0\um\winber.h(248,64): error C2146: syntax error: missing ';' before identifier 'PSTR' [N:\Development\Dev_Base\curl-7.81.0\msvc\CMakeFiles\CMakeTmp\cmTC_fe035.vcxproj]
C:\Program Files (x86)\Windows Kits\10\Include\10.0.19041.0\um\winber.h(248,69): error C2061: syntax error: identifier 'fmt' [N:\Development\Dev_Base\curl-7.81.0\msvc\CMakeFiles\CMakeTmp\cmTC_fe035.vcxproj]
C:\Program Files (x86)\Windows Kits\10\Include\10.0.19041.0\um\winber.h(248,69): error C2059: syntax error: ';' [N:\Development\Dev_Base\curl-7.81.0\msvc\CMakeFiles\CMakeTmp\cmTC_fe035.vcxproj]
C:\Program Files (x86)\Windows Kits\10\Include\10.0.19041.0\um\winber.h(248,72): error C2059: syntax error: ',' [N:\Development\Dev_Base\curl-7.81.0\msvc\CMakeFiles\CMakeTmp\cmTC_fe035.vcxproj]
C:\Program Files (x86)\Windows Kits\10\Include\10.0.19041.0\um\winber.h(248,78): error C2059: syntax error: ')' [N:\Development\Dev_Base\curl-7.81.0\msvc\CMakeFiles\CMakeTmp\cmTC_fe035.vcxproj]
C:\Program Files (x86)\Windows Kits\10\Include\10.0.19041.0\um\winber.h(340,11): error C2061: syntax error: identifier 'ULONG' [N:\Development\Dev_Base\curl-7.81.0\msvc\CMakeFiles\CMakeTmp\cmTC_fe035.vcxproj]
C:\Program Files (x86)\Windows Kits\10\Include\10.0.19041.0\um\winber.h(340,11): error C2059: syntax error: ';' [N:\Development\Dev_Base\curl-7.81.0\msvc\CMakeFiles\CMakeTmp\cmTC_fe035.vcxproj]
C:\Program Files (x86)\Windows Kits\10\Include\10.0.19041.0\um\winber.h(340,46): error C2143: syntax error: missing ')' before '*' [N:\Development\Dev_Base\curl-7.81.0\msvc\CMakeFiles\CMakeTmp\cmTC_fe035.vcxproj]
C:\Program Files (x86)\Windows Kits\10\Include\10.0.19041.0\um\winber.h(340,46): error C2143: syntax error: missing '{' before '*' [N:\Development\Dev_Base\curl-7.81.0\msvc\CMakeFiles\CMakeTmp\cmTC_fe035.vcxproj]
C:\Program Files (x86)\Windows Kits\10\Include\10.0.19041.0\um\winber.h(340,65): error C2146: syntax error: missing ';' before identifier 'PSTR' [N:\Development\Dev_Base\curl-7.81.0\msvc\CMakeFiles\CMakeTmp\cmTC_fe035.vcxproj]
C:\Program Files (x86)\Windows Kits\10\Include\10.0.19041.0\um\winber.h(340,70): error C2061: syntax error: identifier 'fmt' [N:\Development\Dev_Base\curl-7.81.0\msvc\CMakeFiles\CMakeTmp\cmTC_fe035.vcxproj]
C:\Program Files (x86)\Windows Kits\10\Include\10.0.19041.0\um\winber.h(340,70): error C2059: syntax error: ';' [N:\Development\Dev_Base\curl-7.81.0\msvc\CMakeFiles\CMakeTmp\cmTC_fe035.vcxproj]
C:\Program Files (x86)\Windows Kits\10\Include\10.0.19041.0\um\winber.h(340,73): error C2059: syntax error: ',' [N:\Development\Dev_Base\curl-7.81.0\msvc\CMakeFiles\CMakeTmp\cmTC_fe035.vcxproj]
C:\Program Files (x86)\Windows Kits\10\Include\10.0.19041.0\um\winber.h(340,79): error C2059: syntax error: ')' [N:\Development\Dev_Base\curl-7.81.0\msvc\CMakeFiles\CMakeTmp\cmTC_fe035.vcxproj]


Source:
/* */
#include <winber.h>


int main(void){return 0;}

Determining if files ;ldap_ssl.h exist failed with the following output:
Change Dir: N:/Development/Dev_Base/curl-7.81.0/msvc/CMakeFiles/CMakeTmp

Run Build Command(s):C:/Program Files (x86)/Microsoft Visual Studio/2019/Enterprise/MSBuild/Current/Bin/MSBuild.exe cmTC_f801d.vcxproj /p:Configuration=Debug /p:Platform=x64 /p:VisualStudioVersion=16.0 /v:m && Microsoft (R) Build Engine version 16.11.2+f32259642 for .NET Framework
Copyright (C) Microsoft Corporation. All rights reserved.

  Microsoft (R) C/C++ Optimizing Compiler Version 19.29.30138 for x64
  Copyright (C) Microsoft Corporation.  All rights reserved.
  HAVE_LDAP_SSL_H.c
  cl /c /I"C:\Program Files (x86)\Visual Leak Detector\include" /Zi /W1 /WX- /diagnostics:column /Od /Ob0 /D WIN32 /D _WINDOWS /D _WIN32_WINNT=0x0600 /D _WINSOCKAPI_= /D "CMAKE_INTDIR=\"Debug\"" /D _MBCS /Gm- /RTC1 /MDd /GS /fp:precise /Zc:wchar_t /Zc:forScope /Zc:inline /Fo"cmTC_f801d.dir\Debug\\" /Fd"cmTC_f801d.dir\Debug\vc142.pdb" /external:W1 /Gd /TC /errorReport:queue "N:\Development\Dev_Base\curl-7.81.0\msvc\CMakeFiles\CheckIncludeFiles\HAVE_LDAP_SSL_H.c"
N:\Development\Dev_Base\curl-7.81.0\msvc\CMakeFiles\CheckIncludeFiles\HAVE_LDAP_SSL_H.c(2,10): fatal error C1083: Cannot open include file: 'ldap_ssl.h': No such file or directory [N:\Development\Dev_Base\curl-7.81.0\msvc\CMakeFiles\CMakeTmp\cmTC_f801d.vcxproj]


Source:
/* */
#include <ldap_ssl.h>


int main(void){return 0;}

Determining if files ;ldapssl.h exist failed with the following output:
Change Dir: N:/Development/Dev_Base/curl-7.81.0/msvc/CMakeFiles/CMakeTmp

Run Build Command(s):C:/Program Files (x86)/Microsoft Visual Studio/2019/Enterprise/MSBuild/Current/Bin/MSBuild.exe cmTC_8e0db.vcxproj /p:Configuration=Debug /p:Platform=x64 /p:VisualStudioVersion=16.0 /v:m && Microsoft (R) Build Engine version 16.11.2+f32259642 for .NET Framework
Copyright (C) Microsoft Corporation. All rights reserved.

  Microsoft (R) C/C++ Optimizing Compiler Version 19.29.30138 for x64
  Copyright (C) Microsoft Corporation.  All rights reserved.
  HAVE_LDAPSSL_H.c
  cl /c /I"C:\Program Files (x86)\Visual Leak Detector\include" /Zi /W1 /WX- /diagnostics:column /Od /Ob0 /D WIN32 /D _WINDOWS /D _WIN32_WINNT=0x0600 /D _WINSOCKAPI_= /D "CMAKE_INTDIR=\"Debug\"" /D _MBCS /Gm- /RTC1 /MDd /GS /fp:precise /Zc:wchar_t /Zc:forScope /Zc:inline /Fo"cmTC_8e0db.dir\Debug\\" /Fd"cmTC_8e0db.dir\Debug\vc142.pdb" /external:W1 /Gd /TC /errorReport:queue "N:\Development\Dev_Base\curl-7.81.0\msvc\CMakeFiles\CheckIncludeFiles\HAVE_LDAPSSL_H.c"
N:\Development\Dev_Base\curl-7.81.0\msvc\CMakeFiles\CheckIncludeFiles\HAVE_LDAPSSL_H.c(2,10): fatal error C1083: Cannot open include file: 'ldapssl.h': No such file or directory [N:\Development\Dev_Base\curl-7.81.0\msvc\CMakeFiles\CMakeTmp\cmTC_8e0db.vcxproj]


Source:
/* */
#include <ldapssl.h>


int main(void){return 0;}

Determining if files windows.h;ws2tcpip.h;winsock2.h;wincrypt.h;stdio.h;sys/filio.h exist failed with the following output:
Change Dir: N:/Development/Dev_Base/curl-7.81.0/msvc/CMakeFiles/CMakeTmp

Run Build Command(s):C:/Program Files (x86)/Microsoft Visual Studio/2019/Enterprise/MSBuild/Current/Bin/MSBuild.exe cmTC_9640b.vcxproj /p:Configuration=Debug /p:Platform=x64 /p:VisualStudioVersion=16.0 /v:m && Microsoft (R) Build Engine version 16.11.2+f32259642 for .NET Framework
Copyright (C) Microsoft Corporation. All rights reserved.

  Microsoft (R) C/C++ Optimizing Compiler Version 19.29.30138 for x64
  Copyright (C) Microsoft Corporation.  All rights reserved.
  HAVE_SYS_FILIO_H.c
  cl /c /I"N:\Development\Dev_Base\zlib-1.2.11" /I"C:\Program Files (x86)\Visual Leak Detector\include" /Zi /W1 /WX- /diagnostics:column /Od /Ob0 /D WIN32 /D _WINDOWS /D _WIN32_WINNT=0x0600 /D _WINSOCKAPI_= /D "CMAKE_INTDIR=\"Debug\"" /D _MBCS /Gm- /RTC1 /MDd /GS /fp:precise /Zc:wchar_t /Zc:forScope /Zc:inline /Fo"cmTC_9640b.dir\Debug\\" /Fd"cmTC_9640b.dir\Debug\vc142.pdb" /external:W1 /Gd /TC /errorReport:queue "N:\Development\Dev_Base\curl-7.81.0\msvc\CMakeFiles\CheckIncludeFiles\HAVE_SYS_FILIO_H.c"
N:\Development\Dev_Base\curl-7.81.0\msvc\CMakeFiles\CheckIncludeFiles\HAVE_SYS_FILIO_H.c(7,10): fatal error C1083: Cannot open include file: 'sys/filio.h': No such file or directory [N:\Development\Dev_Base\curl-7.81.0\msvc\CMakeFiles\CMakeTmp\cmTC_9640b.vcxproj]


Source:
/* */
#include <windows.h>
#include <ws2tcpip.h>
#include <winsock2.h>
#include <wincrypt.h>
#include <stdio.h>
#include <sys/filio.h>


int main(void){return 0;}

Determining if files windows.h;ws2tcpip.h;winsock2.h;wincrypt.h;stdio.h;sys/ioctl.h exist failed with the following output:
Change Dir: N:/Development/Dev_Base/curl-7.81.0/msvc/CMakeFiles/CMakeTmp

Run Build Command(s):C:/Program Files (x86)/Microsoft Visual Studio/2019/Enterprise/MSBuild/Current/Bin/MSBuild.exe cmTC_48162.vcxproj /p:Configuration=Debug /p:Platform=x64 /p:VisualStudioVersion=16.0 /v:m && Microsoft (R) Build Engine version 16.11.2+f32259642 for .NET Framework
Copyright (C) Microsoft Corporation. All rights reserved.

  Microsoft (R) C/C++ Optimizing Compiler Version 19.29.30138 for x64
  Copyright (C) Microsoft Corporation.  All rights reserved.
  HAVE_SYS_IOCTL_H.c
  cl /c /I"N:\Development\Dev_Base\zlib-1.2.11" /I"C:\Program Files (x86)\Visual Leak Detector\include" /Zi /W1 /WX- /diagnostics:column /Od /Ob0 /D WIN32 /D _WINDOWS /D _WIN32_WINNT=0x0600 /D _WINSOCKAPI_= /D "CMAKE_INTDIR=\"Debug\"" /D _MBCS /Gm- /RTC1 /MDd /GS /fp:precise /Zc:wchar_t /Zc:forScope /Zc:inline /Fo"cmTC_48162.dir\Debug\\" /Fd"cmTC_48162.dir\Debug\vc142.pdb" /external:W1 /Gd /TC /errorReport:queue "N:\Development\Dev_Base\curl-7.81.0\msvc\CMakeFiles\CheckIncludeFiles\HAVE_SYS_IOCTL_H.c"
N:\Development\Dev_Base\curl-7.81.0\msvc\CMakeFiles\CheckIncludeFiles\HAVE_SYS_IOCTL_H.c(7,10): fatal error C1083: Cannot open include file: 'sys/ioctl.h': No such file or directory [N:\Development\Dev_Base\curl-7.81.0\msvc\CMakeFiles\CMakeTmp\cmTC_48162.vcxproj]


Source:
/* */
#include <windows.h>
#include <ws2tcpip.h>
#include <winsock2.h>
#include <wincrypt.h>
#include <stdio.h>
#include <sys/ioctl.h>


int main(void){return 0;}

Determining if files windows.h;ws2tcpip.h;winsock2.h;wincrypt.h;stdio.h;sys/resource.h exist failed with the following output:
Change Dir: N:/Development/Dev_Base/curl-7.81.0/msvc/CMakeFiles/CMakeTmp

Run Build Command(s):C:/Program Files (x86)/Microsoft Visual Studio/2019/Enterprise/MSBuild/Current/Bin/MSBuild.exe cmTC_78fcc.vcxproj /p:Configuration=Debug /p:Platform=x64 /p:VisualStudioVersion=16.0 /v:m && Microsoft (R) Build Engine version 16.11.2+f32259642 for .NET Framework
Copyright (C) Microsoft Corporation. All rights reserved.

  Microsoft (R) C/C++ Optimizing Compiler Version 19.29.30138 for x64
  Copyright (C) Microsoft Corporation.  All rights reserved.
  HAVE_SYS_RESOURCE_H.c
  cl /c /I"N:\Development\Dev_Base\zlib-1.2.11" /I"C:\Program Files (x86)\Visual Leak Detector\include" /Zi /W1 /WX- /diagnostics:column /Od /Ob0 /D WIN32 /D _WINDOWS /D _WIN32_WINNT=0x0600 /D _WINSOCKAPI_= /D "CMAKE_INTDIR=\"Debug\"" /D _MBCS /Gm- /RTC1 /MDd /GS /fp:precise /Zc:wchar_t /Zc:forScope /Zc:inline /Fo"cmTC_78fcc.dir\Debug\\" /Fd"cmTC_78fcc.dir\Debug\vc142.pdb" /external:W1 /Gd /TC /errorReport:queue "N:\Development\Dev_Base\curl-7.81.0\msvc\CMakeFiles\CheckIncludeFiles\HAVE_SYS_RESOURCE_H.c"
N:\Development\Dev_Base\curl-7.81.0\msvc\CMakeFiles\CheckIncludeFiles\HAVE_SYS_RESOURCE_H.c(7,10): fatal error C1083: Cannot open include file: 'sys/resource.h': No such file or directory [N:\Development\Dev_Base\curl-7.81.0\msvc\CMakeFiles\CMakeTmp\cmTC_78fcc.vcxproj]


Source:
/* */
#include <windows.h>
#include <ws2tcpip.h>
#include <winsock2.h>
#include <wincrypt.h>
#include <stdio.h>
#include <sys/resource.h>


int main(void){return 0;}

Determining if files windows.h;ws2tcpip.h;winsock2.h;wincrypt.h;stdio.h;sys/stat.h;sys/types.h;sys/uio.h exist failed with the following output:
Change Dir: N:/Development/Dev_Base/curl-7.81.0/msvc/CMakeFiles/CMakeTmp

Run Build Command(s):C:/Program Files (x86)/Microsoft Visual Studio/2019/Enterprise/MSBuild/Current/Bin/MSBuild.exe cmTC_4ed5e.vcxproj /p:Configuration=Debug /p:Platform=x64 /p:VisualStudioVersion=16.0 /v:m && Microsoft (R) Build Engine version 16.11.2+f32259642 for .NET Framework
Copyright (C) Microsoft Corporation. All rights reserved.

  Microsoft (R) C/C++ Optimizing Compiler Version 19.29.30138 for x64
  Copyright (C) Microsoft Corporation.  All rights reserved.
  HAVE_SYS_UIO_H.c
  cl /c /I"N:\Development\Dev_Base\zlib-1.2.11" /I"C:\Program Files (x86)\Visual Leak Detector\include" /Zi /W1 /WX- /diagnostics:column /Od /Ob0 /D WIN32 /D _WINDOWS /D _WIN32_WINNT=0x0600 /D _WINSOCKAPI_= /D "CMAKE_INTDIR=\"Debug\"" /D _MBCS /Gm- /RTC1 /MDd /GS /fp:precise /Zc:wchar_t /Zc:forScope /Zc:inline /Fo"cmTC_4ed5e.dir\Debug\\" /Fd"cmTC_4ed5e.dir\Debug\vc142.pdb" /external:W1 /Gd /TC /errorReport:queue "N:\Development\Dev_Base\curl-7.81.0\msvc\CMakeFiles\CheckIncludeFiles\HAVE_SYS_UIO_H.c"
N:\Development\Dev_Base\curl-7.81.0\msvc\CMakeFiles\CheckIncludeFiles\HAVE_SYS_UIO_H.c(9,10): fatal error C1083: Cannot open include file: 'sys/uio.h': No such file or directory [N:\Development\Dev_Base\curl-7.81.0\msvc\CMakeFiles\CMakeTmp\cmTC_4ed5e.vcxproj]


Source:
/* */
#include <windows.h>
#include <ws2tcpip.h>
#include <winsock2.h>
#include <wincrypt.h>
#include <stdio.h>
#include <sys/stat.h>
#include <sys/types.h>
#include <sys/uio.h>


int main(void){return 0;}

Determining if files windows.h;ws2tcpip.h;winsock2.h;wincrypt.h;stdio.h;sys/stat.h;sys/types.h;sys/un.h exist failed with the following output:
Change Dir: N:/Development/Dev_Base/curl-7.81.0/msvc/CMakeFiles/CMakeTmp

Run Build Command(s):C:/Program Files (x86)/Microsoft Visual Studio/2019/Enterprise/MSBuild/Current/Bin/MSBuild.exe cmTC_e9dda.vcxproj /p:Configuration=Debug /p:Platform=x64 /p:VisualStudioVersion=16.0 /v:m && Microsoft (R) Build Engine version 16.11.2+f32259642 for .NET Framework
Copyright (C) Microsoft Corporation. All rights reserved.

  Microsoft (R) C/C++ Optimizing Compiler Version 19.29.30138 for x64
  Copyright (C) Microsoft Corporation.  All rights reserved.
  HAVE_SYS_UN_H.c
  cl /c /I"N:\Development\Dev_Base\zlib-1.2.11" /I"C:\Program Files (x86)\Visual Leak Detector\include" /Zi /W1 /WX- /diagnostics:column /Od /Ob0 /D WIN32 /D _WINDOWS /D _WIN32_WINNT=0x0600 /D _WINSOCKAPI_= /D "CMAKE_INTDIR=\"Debug\"" /D _MBCS /Gm- /RTC1 /MDd /GS /fp:precise /Zc:wchar_t /Zc:forScope /Zc:inline /Fo"cmTC_e9dda.dir\Debug\\" /Fd"cmTC_e9dda.dir\Debug\vc142.pdb" /external:W1 /Gd /TC /errorReport:queue "N:\Development\Dev_Base\curl-7.81.0\msvc\CMakeFiles\CheckIncludeFiles\HAVE_SYS_UN_H.c"
N:\Development\Dev_Base\curl-7.81.0\msvc\CMakeFiles\CheckIncludeFiles\HAVE_SYS_UN_H.c(9,10): fatal error C1083: Cannot open include file: 'sys/un.h': No such file or directory [N:\Development\Dev_Base\curl-7.81.0\msvc\CMakeFiles\CMakeTmp\cmTC_e9dda.vcxproj]


Source:
/* */
#include <windows.h>
#include <ws2tcpip.h>
#include <winsock2.h>
#include <wincrypt.h>
#include <stdio.h>
#include <sys/stat.h>
#include <sys/types.h>
#include <sys/un.h>


int main(void){return 0;}

Determining if files windows.h;ws2tcpip.h;winsock2.h;wincrypt.h;stdio.h;sys/stat.h;sys/types.h;sys/utime.h;sys/xattr.h exist failed with the following output:
Change Dir: N:/Development/Dev_Base/curl-7.81.0/msvc/CMakeFiles/CMakeTmp

Run Build Command(s):C:/Program Files (x86)/Microsoft Visual Studio/2019/Enterprise/MSBuild/Current/Bin/MSBuild.exe cmTC_8965d.vcxproj /p:Configuration=Debug /p:Platform=x64 /p:VisualStudioVersion=16.0 /v:m && Microsoft (R) Build Engine version 16.11.2+f32259642 for .NET Framework
Copyright (C) Microsoft Corporation. All rights reserved.

  Microsoft (R) C/C++ Optimizing Compiler Version 19.29.30138 for x64
  Copyright (C) Microsoft Corporation.  All rights reserved.
  HAVE_SYS_XATTR_H.c
  cl /c /I"N:\Development\Dev_Base\zlib-1.2.11" /I"C:\Program Files (x86)\Visual Leak Detector\include" /Zi /W1 /WX- /diagnostics:column /Od /Ob0 /D WIN32 /D _WINDOWS /D _WIN32_WINNT=0x0600 /D _WINSOCKAPI_= /D "CMAKE_INTDIR=\"Debug\"" /D _MBCS /Gm- /RTC1 /MDd /GS /fp:precise /Zc:wchar_t /Zc:forScope /Zc:inline /Fo"cmTC_8965d.dir\Debug\\" /Fd"cmTC_8965d.dir\Debug\vc142.pdb" /external:W1 /Gd /TC /errorReport:queue "N:\Development\Dev_Base\curl-7.81.0\msvc\CMakeFiles\CheckIncludeFiles\HAVE_SYS_XATTR_H.c"
N:\Development\Dev_Base\curl-7.81.0\msvc\CMakeFiles\CheckIncludeFiles\HAVE_SYS_XATTR_H.c(10,10): fatal error C1083: Cannot open include file: 'sys/xattr.h': No such file or directory [N:\Development\Dev_Base\curl-7.81.0\msvc\CMakeFiles\CMakeTmp\cmTC_8965d.vcxproj]


Source:
/* */
#include <windows.h>
#include <ws2tcpip.h>
#include <winsock2.h>
#include <wincrypt.h>
#include <stdio.h>
#include <sys/stat.h>
#include <sys/types.h>
#include <sys/utime.h>
#include <sys/xattr.h>


int main(void){return 0;}

Determining if files windows.h;ws2tcpip.h;winsock2.h;wincrypt.h;stdio.h;sys/stat.h;sys/types.h;sys/utime.h;arpa/tftp.h exist failed with the following output:
Change Dir: N:/Development/Dev_Base/curl-7.81.0/msvc/CMakeFiles/CMakeTmp

Run Build Command(s):C:/Program Files (x86)/Microsoft Visual Studio/2019/Enterprise/MSBuild/Current/Bin/MSBuild.exe cmTC_22d34.vcxproj /p:Configuration=Debug /p:Platform=x64 /p:VisualStudioVersion=16.0 /v:m && Microsoft (R) Build Engine version 16.11.2+f32259642 for .NET Framework
Copyright (C) Microsoft Corporation. All rights reserved.

  Microsoft (R) C/C++ Optimizing Compiler Version 19.29.30138 for x64
  Copyright (C) Microsoft Corporation.  All rights reserved.
  HAVE_ARPA_TFTP_H.c
  cl /c /I"N:\Development\Dev_Base\zlib-1.2.11" /I"C:\Program Files (x86)\Visual Leak Detector\include" /Zi /W1 /WX- /diagnostics:column /Od /Ob0 /D WIN32 /D _WINDOWS /D _WIN32_WINNT=0x0600 /D _WINSOCKAPI_= /D "CMAKE_INTDIR=\"Debug\"" /D _MBCS /Gm- /RTC1 /MDd /GS /fp:precise /Zc:wchar_t /Zc:forScope /Zc:inline /Fo"cmTC_22d34.dir\Debug\\" /Fd"cmTC_22d34.dir\Debug\vc142.pdb" /external:W1 /Gd /TC /errorReport:queue "N:\Development\Dev_Base\curl-7.81.0\msvc\CMakeFiles\CheckIncludeFiles\HAVE_ARPA_TFTP_H.c"
N:\Development\Dev_Base\curl-7.81.0\msvc\CMakeFiles\CheckIncludeFiles\HAVE_ARPA_TFTP_H.c(10,10): fatal error C1083: Cannot open include file: 'arpa/tftp.h': No such file or directory [N:\Development\Dev_Base\curl-7.81.0\msvc\CMakeFiles\CMakeTmp\cmTC_22d34.vcxproj]


Source:
/* */
#include <windows.h>
#include <ws2tcpip.h>
#include <winsock2.h>
#include <wincrypt.h>
#include <stdio.h>
#include <sys/stat.h>
#include <sys/types.h>
#include <sys/utime.h>
#include <arpa/tftp.h>


int main(void){return 0;}

Determining if files windows.h;ws2tcpip.h;winsock2.h;wincrypt.h;stdio.h;sys/stat.h;sys/types.h;sys/utime.h;assert.h;errno.h;fcntl.h;idn2.h exist failed with the following output:
Change Dir: N:/Development/Dev_Base/curl-7.81.0/msvc/CMakeFiles/CMakeTmp

Run Build Command(s):C:/Program Files (x86)/Microsoft Visual Studio/2019/Enterprise/MSBuild/Current/Bin/MSBuild.exe cmTC_e255b.vcxproj /p:Configuration=Debug /p:Platform=x64 /p:VisualStudioVersion=16.0 /v:m && Microsoft (R) Build Engine version 16.11.2+f32259642 for .NET Framework
Copyright (C) Microsoft Corporation. All rights reserved.

  Microsoft (R) C/C++ Optimizing Compiler Version 19.29.30138 for x64
  Copyright (C) Microsoft Corporation.  All rights reserved.
  HAVE_IDN2_H.c
  cl /c /I"N:\Development\Dev_Base\zlib-1.2.11" /I"C:\Program Files (x86)\Visual Leak Detector\include" /Zi /W1 /WX- /diagnostics:column /Od /Ob0 /D WIN32 /D _WINDOWS /D _WIN32_WINNT=0x0600 /D _WINSOCKAPI_= /D "CMAKE_INTDIR=\"Debug\"" /D _MBCS /Gm- /RTC1 /MDd /GS /fp:precise /Zc:wchar_t /Zc:forScope /Zc:inline /Fo"cmTC_e255b.dir\Debug\\" /Fd"cmTC_e255b.dir\Debug\vc142.pdb" /external:W1 /Gd /TC /errorReport:queue "N:\Development\Dev_Base\curl-7.81.0\msvc\CMakeFiles\CheckIncludeFiles\HAVE_IDN2_H.c"
N:\Development\Dev_Base\curl-7.81.0\msvc\CMakeFiles\CheckIncludeFiles\HAVE_IDN2_H.c(13,10): fatal error C1083: Cannot open include file: 'idn2.h': No such file or directory [N:\Development\Dev_Base\curl-7.81.0\msvc\CMakeFiles\CMakeTmp\cmTC_e255b.vcxproj]


Source:
/* */
#include <windows.h>
#include <ws2tcpip.h>
#include <winsock2.h>
#include <wincrypt.h>
#include <stdio.h>
#include <sys/stat.h>
#include <sys/types.h>
#include <sys/utime.h>
#include <assert.h>
#include <errno.h>
#include <fcntl.h>
#include <idn2.h>


int main(void){return 0;}

Determining if files windows.h;ws2tcpip.h;winsock2.h;wincrypt.h;stdio.h;sys/stat.h;sys/types.h;sys/utime.h;assert.h;errno.h;fcntl.h;ifaddrs.h exist failed with the following output:
Change Dir: N:/Development/Dev_Base/curl-7.81.0/msvc/CMakeFiles/CMakeTmp

Run Build Command(s):C:/Program Files (x86)/Microsoft Visual Studio/2019/Enterprise/MSBuild/Current/Bin/MSBuild.exe cmTC_fd79a.vcxproj /p:Configuration=Debug /p:Platform=x64 /p:VisualStudioVersion=16.0 /v:m && Microsoft (R) Build Engine version 16.11.2+f32259642 for .NET Framework
Copyright (C) Microsoft Corporation. All rights reserved.

  Microsoft (R) C/C++ Optimizing Compiler Version 19.29.30138 for x64
  Copyright (C) Microsoft Corporation.  All rights reserved.
  HAVE_IFADDRS_H.c
  cl /c /I"N:\Development\Dev_Base\zlib-1.2.11" /I"C:\Program Files (x86)\Visual Leak Detector\include" /Zi /W1 /WX- /diagnostics:column /Od /Ob0 /D WIN32 /D _WINDOWS /D _WIN32_WINNT=0x0600 /D _WINSOCKAPI_= /D "CMAKE_INTDIR=\"Debug\"" /D _MBCS /Gm- /RTC1 /MDd /GS /fp:precise /Zc:wchar_t /Zc:forScope /Zc:inline /Fo"cmTC_fd79a.dir\Debug\\" /Fd"cmTC_fd79a.dir\Debug\vc142.pdb" /external:W1 /Gd /TC /errorReport:queue "N:\Development\Dev_Base\curl-7.81.0\msvc\CMakeFiles\CheckIncludeFiles\HAVE_IFADDRS_H.c"
N:\Development\Dev_Base\curl-7.81.0\msvc\CMakeFiles\CheckIncludeFiles\HAVE_IFADDRS_H.c(13,10): fatal error C1083: Cannot open include file: 'ifaddrs.h': No such file or directory [N:\Development\Dev_Base\curl-7.81.0\msvc\CMakeFiles\CMakeTmp\cmTC_fd79a.vcxproj]


Source:
/* */
#include <windows.h>
#include <ws2tcpip.h>
#include <winsock2.h>
#include <wincrypt.h>
#include <stdio.h>
#include <sys/stat.h>
#include <sys/types.h>
#include <sys/utime.h>
#include <assert.h>
#include <errno.h>
#include <fcntl.h>
#include <ifaddrs.h>


int main(void){return 0;}

Determining if files windows.h;ws2tcpip.h;winsock2.h;wincrypt.h;stdio.h;sys/stat.h;sys/types.h;sys/utime.h;assert.h;errno.h;fcntl.h;io.h;krb.h exist failed with the following output:
Change Dir: N:/Development/Dev_Base/curl-7.81.0/msvc/CMakeFiles/CMakeTmp

Run Build Command(s):C:/Program Files (x86)/Microsoft Visual Studio/2019/Enterprise/MSBuild/Current/Bin/MSBuild.exe cmTC_392fe.vcxproj /p:Configuration=Debug /p:Platform=x64 /p:VisualStudioVersion=16.0 /v:m && Microsoft (R) Build Engine version 16.11.2+f32259642 for .NET Framework
Copyright (C) Microsoft Corporation. All rights reserved.

  Microsoft (R) C/C++ Optimizing Compiler Version 19.29.30138 for x64
  Copyright (C) Microsoft Corporation.  All rights reserved.
  HAVE_KRB_H.c
  cl /c /I"N:\Development\Dev_Base\zlib-1.2.11" /I"C:\Program Files (x86)\Visual Leak Detector\include" /Zi /W1 /WX- /diagnostics:column /Od /Ob0 /D WIN32 /D _WINDOWS /D _WIN32_WINNT=0x0600 /D _WINSOCKAPI_= /D "CMAKE_INTDIR=\"Debug\"" /D _MBCS /Gm- /RTC1 /MDd /GS /fp:precise /Zc:wchar_t /Zc:forScope /Zc:inline /Fo"cmTC_392fe.dir\Debug\\" /Fd"cmTC_392fe.dir\Debug\vc142.pdb" /external:W1 /Gd /TC /errorReport:queue "N:\Development\Dev_Base\curl-7.81.0\msvc\CMakeFiles\CheckIncludeFiles\HAVE_KRB_H.c"
N:\Development\Dev_Base\curl-7.81.0\msvc\CMakeFiles\CheckIncludeFiles\HAVE_KRB_H.c(14,10): fatal error C1083: Cannot open include file: 'krb.h': No such file or directory [N:\Development\Dev_Base\curl-7.81.0\msvc\CMakeFiles\CMakeTmp\cmTC_392fe.vcxproj]


Source:
/* */
#include <windows.h>
#include <ws2tcpip.h>
#include <winsock2.h>
#include <wincrypt.h>
#include <stdio.h>
#include <sys/stat.h>
#include <sys/types.h>
#include <sys/utime.h>
#include <assert.h>
#include <errno.h>
#include <fcntl.h>
#include <io.h>
#include <krb.h>


int main(void){return 0;}

Determining if files windows.h;ws2tcpip.h;winsock2.h;wincrypt.h;stdio.h;sys/stat.h;sys/types.h;sys/utime.h;assert.h;errno.h;fcntl.h;io.h;libgen.h exist failed with the following output:
Change Dir: N:/Development/Dev_Base/curl-7.81.0/msvc/CMakeFiles/CMakeTmp

Run Build Command(s):C:/Program Files (x86)/Microsoft Visual Studio/2019/Enterprise/MSBuild/Current/Bin/MSBuild.exe cmTC_0be21.vcxproj /p:Configuration=Debug /p:Platform=x64 /p:VisualStudioVersion=16.0 /v:m && Microsoft (R) Build Engine version 16.11.2+f32259642 for .NET Framework
Copyright (C) Microsoft Corporation. All rights reserved.

  Microsoft (R) C/C++ Optimizing Compiler Version 19.29.30138 for x64
  Copyright (C) Microsoft Corporation.  All rights reserved.
  HAVE_LIBGEN_H.c
  cl /c /I"N:\Development\Dev_Base\zlib-1.2.11" /I"C:\Program Files (x86)\Visual Leak Detector\include" /Zi /W1 /WX- /diagnostics:column /Od /Ob0 /D WIN32 /D _WINDOWS /D _WIN32_WINNT=0x0600 /D _WINSOCKAPI_= /D "CMAKE_INTDIR=\"Debug\"" /D _MBCS /Gm- /RTC1 /MDd /GS /fp:precise /Zc:wchar_t /Zc:forScope /Zc:inline /Fo"cmTC_0be21.dir\Debug\\" /Fd"cmTC_0be21.dir\Debug\vc142.pdb" /external:W1 /Gd /TC /errorReport:queue "N:\Development\Dev_Base\curl-7.81.0\msvc\CMakeFiles\CheckIncludeFiles\HAVE_LIBGEN_H.c"
N:\Development\Dev_Base\curl-7.81.0\msvc\CMakeFiles\CheckIncludeFiles\HAVE_LIBGEN_H.c(14,10): fatal error C1083: Cannot open include file: 'libgen.h': No such file or directory [N:\Development\Dev_Base\curl-7.81.0\msvc\CMakeFiles\CMakeTmp\cmTC_0be21.vcxproj]


Source:
/* */
#include <windows.h>
#include <ws2tcpip.h>
#include <winsock2.h>
#include <wincrypt.h>
#include <stdio.h>
#include <sys/stat.h>
#include <sys/types.h>
#include <sys/utime.h>
#include <assert.h>
#include <errno.h>
#include <fcntl.h>
#include <io.h>
#include <libgen.h>


int main(void){return 0;}

Determining if files windows.h;ws2tcpip.h;winsock2.h;wincrypt.h;stdio.h;sys/stat.h;sys/types.h;sys/utime.h;assert.h;errno.h;fcntl.h;io.h;locale.h;netinet/tcp.h exist failed with the following output:
Change Dir: N:/Development/Dev_Base/curl-7.81.0/msvc/CMakeFiles/CMakeTmp

Run Build Command(s):C:/Program Files (x86)/Microsoft Visual Studio/2019/Enterprise/MSBuild/Current/Bin/MSBuild.exe cmTC_d1641.vcxproj /p:Configuration=Debug /p:Platform=x64 /p:VisualStudioVersion=16.0 /v:m && Microsoft (R) Build Engine version 16.11.2+f32259642 for .NET Framework
Copyright (C) Microsoft Corporation. All rights reserved.

  Microsoft (R) C/C++ Optimizing Compiler Version 19.29.30138 for x64
  Copyright (C) Microsoft Corporation.  All rights reserved.
  HAVE_NETINET_TCP_H.c
  cl /c /I"N:\Development\Dev_Base\zlib-1.2.11" /I"C:\Program Files (x86)\Visual Leak Detector\include" /Zi /W1 /WX- /diagnostics:column /Od /Ob0 /D WIN32 /D _WINDOWS /D _WIN32_WINNT=0x0600 /D _WINSOCKAPI_= /D "CMAKE_INTDIR=\"Debug\"" /D _MBCS /Gm- /RTC1 /MDd /GS /fp:precise /Zc:wchar_t /Zc:forScope /Zc:inline /Fo"cmTC_d1641.dir\Debug\\" /Fd"cmTC_d1641.dir\Debug\vc142.pdb" /external:W1 /Gd /TC /errorReport:queue "N:\Development\Dev_Base\curl-7.81.0\msvc\CMakeFiles\CheckIncludeFiles\HAVE_NETINET_TCP_H.c"
N:\Development\Dev_Base\curl-7.81.0\msvc\CMakeFiles\CheckIncludeFiles\HAVE_NETINET_TCP_H.c(15,10): fatal error C1083: Cannot open include file: 'netinet/tcp.h': No such file or directory [N:\Development\Dev_Base\curl-7.81.0\msvc\CMakeFiles\CMakeTmp\cmTC_d1641.vcxproj]


Source:
/* */
#include <windows.h>
#include <ws2tcpip.h>
#include <winsock2.h>
#include <wincrypt.h>
#include <stdio.h>
#include <sys/stat.h>
#include <sys/types.h>
#include <sys/utime.h>
#include <assert.h>
#include <errno.h>
#include <fcntl.h>
#include <io.h>
#include <locale.h>
#include <netinet/tcp.h>


int main(void){return 0;}

Determining if the include file linux/tcp.h exists failed with the following output:
Change Dir: N:/Development/Dev_Base/curl-7.81.0/msvc/CMakeFiles/CMakeTmp

Run Build Command(s):C:/Program Files (x86)/Microsoft Visual Studio/2019/Enterprise/MSBuild/Current/Bin/MSBuild.exe cmTC_24394.vcxproj /p:Configuration=Debug /p:Platform=x64 /p:VisualStudioVersion=16.0 /v:m && Microsoft (R) Build Engine version 16.11.2+f32259642 for .NET Framework
Copyright (C) Microsoft Corporation. All rights reserved.

  Microsoft (R) C/C++ Optimizing Compiler Version 19.29.30138 for x64
  Copyright (C) Microsoft Corporation.  All rights reserved.
  CheckIncludeFile.c
  cl /c /I"N:\Development\Dev_Base\zlib-1.2.11" /I"C:\Program Files (x86)\Visual Leak Detector\include" /Zi /W1 /WX- /diagnostics:column /Od /Ob0 /D WIN32 /D _WINDOWS /D _WIN32_WINNT=0x0600 /D _WINSOCKAPI_= /D "CMAKE_INTDIR=\"Debug\"" /D _MBCS /Gm- /RTC1 /MDd /GS /fp:precise /Zc:wchar_t /Zc:forScope /Zc:inline /Fo"cmTC_24394.dir\Debug\\" /Fd"cmTC_24394.dir\Debug\vc142.pdb" /external:W1 /Gd /TC /errorReport:queue "N:\Development\Dev_Base\curl-7.81.0\msvc\CMakeFiles\CMakeTmp\CheckIncludeFile.c"
N:\Development\Dev_Base\curl-7.81.0\msvc\CMakeFiles\CMakeTmp\CheckIncludeFile.c(1,10): fatal error C1083: Cannot open include file: 'linux/tcp.h': No such file or directory [N:\Development\Dev_Base\curl-7.81.0\msvc\CMakeFiles\CMakeTmp\cmTC_24394.vcxproj]



Determining if files windows.h;ws2tcpip.h;winsock2.h;wincrypt.h;stdio.h;sys/stat.h;sys/types.h;sys/utime.h;assert.h;errno.h;fcntl.h;io.h;locale.h;pem.h exist failed with the following output:
Change Dir: N:/Development/Dev_Base/curl-7.81.0/msvc/CMakeFiles/CMakeTmp

Run Build Command(s):C:/Program Files (x86)/Microsoft Visual Studio/2019/Enterprise/MSBuild/Current/Bin/MSBuild.exe cmTC_041e2.vcxproj /p:Configuration=Debug /p:Platform=x64 /p:VisualStudioVersion=16.0 /v:m && Microsoft (R) Build Engine version 16.11.2+f32259642 for .NET Framework
Copyright (C) Microsoft Corporation. All rights reserved.

  Microsoft (R) C/C++ Optimizing Compiler Version 19.29.30138 for x64
  Copyright (C) Microsoft Corporation.  All rights reserved.
  HAVE_PEM_H.c
  cl /c /I"N:\Development\Dev_Base\zlib-1.2.11" /I"C:\Program Files (x86)\Visual Leak Detector\include" /Zi /W1 /WX- /diagnostics:column /Od /Ob0 /D WIN32 /D _WINDOWS /D _WIN32_WINNT=0x0600 /D _WINSOCKAPI_= /D "CMAKE_INTDIR=\"Debug\"" /D _MBCS /Gm- /RTC1 /MDd /GS /fp:precise /Zc:wchar_t /Zc:forScope /Zc:inline /Fo"cmTC_041e2.dir\Debug\\" /Fd"cmTC_041e2.dir\Debug\vc142.pdb" /external:W1 /Gd /TC /errorReport:queue "N:\Development\Dev_Base\curl-7.81.0\msvc\CMakeFiles\CheckIncludeFiles\HAVE_PEM_H.c"
N:\Development\Dev_Base\curl-7.81.0\msvc\CMakeFiles\CheckIncludeFiles\HAVE_PEM_H.c(15,10): fatal error C1083: Cannot open include file: 'pem.h': No such file or directory [N:\Development\Dev_Base\curl-7.81.0\msvc\CMakeFiles\CMakeTmp\cmTC_041e2.vcxproj]


Source:
/* */
#include <windows.h>
#include <ws2tcpip.h>
#include <winsock2.h>
#include <wincrypt.h>
#include <stdio.h>
#include <sys/stat.h>
#include <sys/types.h>
#include <sys/utime.h>
#include <assert.h>
#include <errno.h>
#include <fcntl.h>
#include <io.h>
#include <locale.h>
#include <pem.h>


int main(void){return 0;}

Determining if files windows.h;ws2tcpip.h;winsock2.h;wincrypt.h;stdio.h;sys/stat.h;sys/types.h;sys/utime.h;assert.h;errno.h;fcntl.h;io.h;locale.h;poll.h exist failed with the following output:
Change Dir: N:/Development/Dev_Base/curl-7.81.0/msvc/CMakeFiles/CMakeTmp

Run Build Command(s):C:/Program Files (x86)/Microsoft Visual Studio/2019/Enterprise/MSBuild/Current/Bin/MSBuild.exe cmTC_b4ee6.vcxproj /p:Configuration=Debug /p:Platform=x64 /p:VisualStudioVersion=16.0 /v:m && Microsoft (R) Build Engine version 16.11.2+f32259642 for .NET Framework
Copyright (C) Microsoft Corporation. All rights reserved.

  Microsoft (R) C/C++ Optimizing Compiler Version 19.29.30138 for x64
  Copyright (C) Microsoft Corporation.  All rights reserved.
  HAVE_POLL_H.c
  cl /c /I"N:\Development\Dev_Base\zlib-1.2.11" /I"C:\Program Files (x86)\Visual Leak Detector\include" /Zi /W1 /WX- /diagnostics:column /Od /Ob0 /D WIN32 /D _WINDOWS /D _WIN32_WINNT=0x0600 /D _WINSOCKAPI_= /D "CMAKE_INTDIR=\"Debug\"" /D _MBCS /Gm- /RTC1 /MDd /GS /fp:precise /Zc:wchar_t /Zc:forScope /Zc:inline /Fo"cmTC_b4ee6.dir\Debug\\" /Fd"cmTC_b4ee6.dir\Debug\vc142.pdb" /external:W1 /Gd /TC /errorReport:queue "N:\Development\Dev_Base\curl-7.81.0\msvc\CMakeFiles\CheckIncludeFiles\HAVE_POLL_H.c"
N:\Development\Dev_Base\curl-7.81.0\msvc\CMakeFiles\CheckIncludeFiles\HAVE_POLL_H.c(15,10): fatal error C1083: Cannot open include file: 'poll.h': No such file or directory [N:\Development\Dev_Base\curl-7.81.0\msvc\CMakeFiles\CMakeTmp\cmTC_b4ee6.vcxproj]


Source:
/* */
#include <windows.h>
#include <ws2tcpip.h>
#include <winsock2.h>
#include <wincrypt.h>
#include <stdio.h>
#include <sys/stat.h>
#include <sys/types.h>
#include <sys/utime.h>
#include <assert.h>
#include <errno.h>
#include <fcntl.h>
#include <io.h>
#include <locale.h>
#include <poll.h>


int main(void){return 0;}

Determining if files windows.h;ws2tcpip.h;winsock2.h;wincrypt.h;stdio.h;sys/stat.h;sys/types.h;sys/utime.h;assert.h;errno.h;fcntl.h;io.h;locale.h;setjmp.h;signal.h;ssl.h exist failed with the following output:
Change Dir: N:/Development/Dev_Base/curl-7.81.0/msvc/CMakeFiles/CMakeTmp

Run Build Command(s):C:/Program Files (x86)/Microsoft Visual Studio/2019/Enterprise/MSBuild/Current/Bin/MSBuild.exe cmTC_469f1.vcxproj /p:Configuration=Debug /p:Platform=x64 /p:VisualStudioVersion=16.0 /v:m && Microsoft (R) Build Engine version 16.11.2+f32259642 for .NET Framework
Copyright (C) Microsoft Corporation. All rights reserved.

  Microsoft (R) C/C++ Optimizing Compiler Version 19.29.30138 for x64
  Copyright (C) Microsoft Corporation.  All rights reserved.
  HAVE_SSL_H.c
  cl /c /I"N:\Development\Dev_Base\zlib-1.2.11" /I"C:\Program Files (x86)\Visual Leak Detector\include" /Zi /W1 /WX- /diagnostics:column /Od /Ob0 /D WIN32 /D _WINDOWS /D _WIN32_WINNT=0x0600 /D _WINSOCKAPI_= /D "CMAKE_INTDIR=\"Debug\"" /D _MBCS /Gm- /RTC1 /MDd /GS /fp:precise /Zc:wchar_t /Zc:forScope /Zc:inline /Fo"cmTC_469f1.dir\Debug\\" /Fd"cmTC_469f1.dir\Debug\vc142.pdb" /external:W1 /Gd /TC /errorReport:queue "N:\Development\Dev_Base\curl-7.81.0\msvc\CMakeFiles\CheckIncludeFiles\HAVE_SSL_H.c"
N:\Development\Dev_Base\curl-7.81.0\msvc\CMakeFiles\CheckIncludeFiles\HAVE_SSL_H.c(17,10): fatal error C1083: Cannot open include file: 'ssl.h': No such file or directory [N:\Development\Dev_Base\curl-7.81.0\msvc\CMakeFiles\CMakeTmp\cmTC_469f1.vcxproj]


Source:
/* */
#include <windows.h>
#include <ws2tcpip.h>
#include <winsock2.h>
#include <wincrypt.h>
#include <stdio.h>
#include <sys/stat.h>
#include <sys/types.h>
#include <sys/utime.h>
#include <assert.h>
#include <errno.h>
#include <fcntl.h>
#include <io.h>
#include <locale.h>
#include <setjmp.h>
#include <signal.h>
#include <ssl.h>


int main(void){return 0;}

Determining if files windows.h;ws2tcpip.h;winsock2.h;wincrypt.h;stdio.h;sys/stat.h;sys/types.h;sys/utime.h;assert.h;errno.h;fcntl.h;io.h;locale.h;setjmp.h;signal.h;stdbool.h;stdio.h;stdlib.h;string.h;stropts.h exist failed with the following output:
Change Dir: N:/Development/Dev_Base/curl-7.81.0/msvc/CMakeFiles/CMakeTmp

Run Build Command(s):C:/Program Files (x86)/Microsoft Visual Studio/2019/Enterprise/MSBuild/Current/Bin/MSBuild.exe cmTC_acd68.vcxproj /p:Configuration=Debug /p:Platform=x64 /p:VisualStudioVersion=16.0 /v:m && Microsoft (R) Build Engine version 16.11.2+f32259642 for .NET Framework
Copyright (C) Microsoft Corporation. All rights reserved.

  Microsoft (R) C/C++ Optimizing Compiler Version 19.29.30138 for x64
  Copyright (C) Microsoft Corporation.  All rights reserved.
  HAVE_STROPTS_H.c
  cl /c /I"N:\Development\Dev_Base\zlib-1.2.11" /I"C:\Program Files (x86)\Visual Leak Detector\include" /Zi /W1 /WX- /diagnostics:column /Od /Ob0 /D WIN32 /D _WINDOWS /D _WIN32_WINNT=0x0600 /D _WINSOCKAPI_= /D "CMAKE_INTDIR=\"Debug\"" /D _MBCS /Gm- /RTC1 /MDd /GS /fp:precise /Zc:wchar_t /Zc:forScope /Zc:inline /Fo"cmTC_acd68.dir\Debug\\" /Fd"cmTC_acd68.dir\Debug\vc142.pdb" /external:W1 /Gd /TC /errorReport:queue "N:\Development\Dev_Base\curl-7.81.0\msvc\CMakeFiles\CheckIncludeFiles\HAVE_STROPTS_H.c"
N:\Development\Dev_Base\curl-7.81.0\msvc\CMakeFiles\CheckIncludeFiles\HAVE_STROPTS_H.c(21,10): fatal error C1083: Cannot open include file: 'stropts.h': No such file or directory [N:\Development\Dev_Base\curl-7.81.0\msvc\CMakeFiles\CMakeTmp\cmTC_acd68.vcxproj]


Source:
/* */
#include <windows.h>
#include <ws2tcpip.h>
#include <winsock2.h>
#include <wincrypt.h>
#include <stdio.h>
#include <sys/stat.h>
#include <sys/types.h>
#include <sys/utime.h>
#include <assert.h>
#include <errno.h>
#include <fcntl.h>
#include <io.h>
#include <locale.h>
#include <setjmp.h>
#include <signal.h>
#include <stdbool.h>
#include <stdio.h>
#include <stdlib.h>
#include <string.h>
#include <stropts.h>


int main(void){return 0;}

Determining if files windows.h;ws2tcpip.h;winsock2.h;wincrypt.h;stdio.h;sys/stat.h;sys/types.h;sys/utime.h;assert.h;errno.h;fcntl.h;io.h;locale.h;setjmp.h;signal.h;stdbool.h;stdio.h;stdlib.h;string.h;time.h;process.h;stddef.h;malloc.h;memory.h;sys/utsname.h exist failed with the following output:
Change Dir: N:/Development/Dev_Base/curl-7.81.0/msvc/CMakeFiles/CMakeTmp

Run Build Command(s):C:/Program Files (x86)/Microsoft Visual Studio/2019/Enterprise/MSBuild/Current/Bin/MSBuild.exe cmTC_a48f7.vcxproj /p:Configuration=Debug /p:Platform=x64 /p:VisualStudioVersion=16.0 /v:m && Microsoft (R) Build Engine version 16.11.2+f32259642 for .NET Framework
Copyright (C) Microsoft Corporation. All rights reserved.

  Microsoft (R) C/C++ Optimizing Compiler Version 19.29.30138 for x64
  Copyright (C) Microsoft Corporation.  All rights reserved.
  HAVE_SYS_UTSNAME_H.c
  cl /c /I"N:\Development\Dev_Base\zlib-1.2.11" /I"C:\Program Files (x86)\Visual Leak Detector\include" /Zi /W1 /WX- /diagnostics:column /Od /Ob0 /D WIN32 /D _WINDOWS /D _WIN32_WINNT=0x0600 /D _WINSOCKAPI_= /D "CMAKE_INTDIR=\"Debug\"" /D _MBCS /Gm- /RTC1 /MDd /GS /fp:precise /Zc:wchar_t /Zc:forScope /Zc:inline /Fo"cmTC_a48f7.dir\Debug\\" /Fd"cmTC_a48f7.dir\Debug\vc142.pdb" /external:W1 /Gd /TC /errorReport:queue "N:\Development\Dev_Base\curl-7.81.0\msvc\CMakeFiles\CheckIncludeFiles\HAVE_SYS_UTSNAME_H.c"
N:\Development\Dev_Base\curl-7.81.0\msvc\CMakeFiles\CheckIncludeFiles\HAVE_SYS_UTSNAME_H.c(26,10): fatal error C1083: Cannot open include file: 'sys/utsname.h': No such file or directory [N:\Development\Dev_Base\curl-7.81.0\msvc\CMakeFiles\CMakeTmp\cmTC_a48f7.vcxproj]


Source:
/* */
#include <windows.h>
#include <ws2tcpip.h>
#include <winsock2.h>
#include <wincrypt.h>
#include <stdio.h>
#include <sys/stat.h>
#include <sys/types.h>
#include <sys/utime.h>
#include <assert.h>
#include <errno.h>
#include <fcntl.h>
#include <io.h>
#include <locale.h>
#include <setjmp.h>
#include <signal.h>
#include <stdbool.h>
#include <stdio.h>
#include <stdlib.h>
#include <string.h>
#include <time.h>
#include <process.h>
#include <stddef.h>
#include <malloc.h>
#include <memory.h>
#include <sys/utsname.h>


int main(void){return 0;}

Determining size of ssize_t failed with the following output:
Change Dir: N:/Development/Dev_Base/curl-7.81.0/msvc/CMakeFiles/CMakeTmp

Run Build Command(s):C:/Program Files (x86)/Microsoft Visual Studio/2019/Enterprise/MSBuild/Current/Bin/MSBuild.exe cmTC_fc2bf.vcxproj /p:Configuration=Debug /p:Platform=x64 /p:VisualStudioVersion=16.0 /v:m && Microsoft (R) Build Engine version 16.11.2+f32259642 for .NET Framework
Copyright (C) Microsoft Corporation. All rights reserved.

  Microsoft (R) C/C++ Optimizing Compiler Version 19.29.30138 for x64
  Copyright (C) Microsoft Corporation.  All rights reserved.
  SIZEOF_SSIZE_T.c
  cl /c /I"N:\Development\Dev_Base\zlib-1.2.11" /I"C:\Program Files (x86)\Visual Leak Detector\include" /Zi /W1 /WX- /diagnostics:column /Od /Ob0 /D WIN32 /D _WINDOWS /D _WIN32_WINNT=0x0600 /D _WINSOCKAPI_= /D "CMAKE_INTDIR=\"Debug\"" /D _MBCS /Gm- /RTC1 /MDd /GS /fp:precise /Zc:wchar_t /Zc:forScope /Zc:inline /Fo"cmTC_fc2bf.dir\Debug\\" /Fd"cmTC_fc2bf.dir\Debug\vc142.pdb" /external:W1 /Gd /TC /errorReport:queue "N:\Development\Dev_Base\curl-7.81.0\msvc\CMakeFiles\CheckTypeSize\SIZEOF_SSIZE_T.c"
N:\Development\Dev_Base\curl-7.81.0\msvc\CMakeFiles\CheckTypeSize\SIZEOF_SSIZE_T.c(28,12): error C2065: 'ssize_t': undeclared identifier [N:\Development\Dev_Base\curl-7.81.0\msvc\CMakeFiles\CMakeTmp\cmTC_fc2bf.vcxproj]
N:\Development\Dev_Base\curl-7.81.0\msvc\CMakeFiles\CheckTypeSize\SIZEOF_SSIZE_T.c(29,12): error C2065: 'ssize_t': undeclared identifier [N:\Development\Dev_Base\curl-7.81.0\msvc\CMakeFiles\CMakeTmp\cmTC_fc2bf.vcxproj]
N:\Development\Dev_Base\curl-7.81.0\msvc\CMakeFiles\CheckTypeSize\SIZEOF_SSIZE_T.c(30,12): error C2065: 'ssize_t': undeclared identifier [N:\Development\Dev_Base\curl-7.81.0\msvc\CMakeFiles\CMakeTmp\cmTC_fc2bf.vcxproj]
N:\Development\Dev_Base\curl-7.81.0\msvc\CMakeFiles\CheckTypeSize\SIZEOF_SSIZE_T.c(31,12): error C2065: 'ssize_t': undeclared identifier [N:\Development\Dev_Base\curl-7.81.0\msvc\CMakeFiles\CMakeTmp\cmTC_fc2bf.vcxproj]
N:\Development\Dev_Base\curl-7.81.0\msvc\CMakeFiles\CheckTypeSize\SIZEOF_SSIZE_T.c(32,12): error C2065: 'ssize_t': undeclared identifier [N:\Development\Dev_Base\curl-7.81.0\msvc\CMakeFiles\CMakeTmp\cmTC_fc2bf.vcxproj]


N:/Development/Dev_Base/curl-7.81.0/msvc/CMakeFiles/CheckTypeSize/SIZEOF_SSIZE_T.c:
#include <sys/types.h>
#include <stddef.h>


#undef KEY
#if defined(__i386)
# define KEY '_','_','i','3','8','6'
#elif defined(__x86_64)
# define KEY '_','_','x','8','6','_','6','4'
#elif defined(__PPC64__)
# define KEY '_','_','P','P','C','6','4','_','_'
#elif defined(__ppc64__)
# define KEY '_','_','p','p','c','6','4','_','_'
#elif defined(__PPC__)
# define KEY '_','_','P','P','C','_','_'
#elif defined(__ppc__)
# define KEY '_','_','p','p','c','_','_'
#elif defined(__aarch64__)
# define KEY '_','_','a','a','r','c','h','6','4','_','_'
#elif defined(__ARM_ARCH_7A__)
# define KEY '_','_','A','R','M','_','A','R','C','H','_','7','A','_','_'
#elif defined(__ARM_ARCH_7S__)
# define KEY '_','_','A','R','M','_','A','R','C','H','_','7','S','_','_'
#endif

#define SIZE (sizeof(ssize_t))
static char info_size[] =  {'I', 'N', 'F', 'O', ':', 's','i','z','e','[',
  ('0' + ((SIZE / 10000)%10)),
  ('0' + ((SIZE / 1000)%10)),
  ('0' + ((SIZE / 100)%10)),
  ('0' + ((SIZE / 10)%10)),
  ('0' +  (SIZE    % 10)),
  ']',
#ifdef KEY
  ' ','k','e','y','[', KEY, ']',
#endif
  '\0'};

#ifdef __CLASSIC_C__
int main(argc, argv) int argc; char *argv[];
#else
int main(int argc, char *argv[])
#endif
{
  int require = 0;
  require += info_size[argc];
  (void)argv;
  return require;
}


Determining if the basename exist failed with the following output:
Change Dir: N:/Development/Dev_Base/curl-7.81.0/msvc/CMakeFiles/CMakeTmp

Run Build Command(s):C:/Program Files (x86)/Microsoft Visual Studio/2019/Enterprise/MSBuild/Current/Bin/MSBuild.exe cmTC_71ed5.vcxproj /p:Configuration=Debug /p:Platform=x64 /p:VisualStudioVersion=16.0 /v:m && Microsoft (R) Build Engine version 16.11.2+f32259642 for .NET Framework
Copyright (C) Microsoft Corporation. All rights reserved.

  Microsoft (R) C/C++ Optimizing Compiler Version 19.29.30138 for x64
  Copyright (C) Microsoft Corporation.  All rights reserved.
  CheckSymbolExists.c
  cl /c /I"N:\Development\Dev_Base\zlib-1.2.11" /I"C:\Program Files (x86)\Visual Leak Detector\include" /Zi /W1 /WX- /diagnostics:column /Od /Ob0 /D WIN32 /D _WINDOWS /D _WIN32_WINNT=0x0600 /D _WINSOCKAPI_= /D "CMAKE_INTDIR=\"Debug\"" /D _MBCS /Gm- /RTC1 /MDd /GS /fp:precise /Zc:wchar_t /Zc:forScope /Zc:inline /Fo"cmTC_71ed5.dir\Debug\\" /Fd"cmTC_71ed5.dir\Debug\vc142.pdb" /external:W1 /Gd /TC /errorReport:queue "N:\Development\Dev_Base\curl-7.81.0\msvc\CMakeFiles\CMakeTmp\CheckSymbolExists.c"
N:\Development\Dev_Base\curl-7.81.0\msvc\CMakeFiles\CMakeTmp\CheckSymbolExists.c(31,27): error C2065: 'basename': undeclared identifier [N:\Development\Dev_Base\curl-7.81.0\msvc\CMakeFiles\CMakeTmp\cmTC_71ed5.vcxproj]


File N:/Development/Dev_Base/curl-7.81.0/msvc/CMakeFiles/CMakeTmp/CheckSymbolExists.c:
/* */
#include <windows.h>
#include <ws2tcpip.h>
#include <winsock2.h>
#include <wincrypt.h>
#include <stdio.h>
#include <sys/stat.h>
#include <sys/types.h>
#include <sys/utime.h>
#include <assert.h>
#include <errno.h>
#include <fcntl.h>
#include <io.h>
#include <locale.h>
#include <setjmp.h>
#include <signal.h>
#include <stdbool.h>
#include <stdio.h>
#include <stdlib.h>
#include <string.h>
#include <time.h>
#include <process.h>
#include <stddef.h>
#include <malloc.h>
#include <memory.h>

int main(int argc, char** argv)
{
  (void)argv;
#ifndef basename
  return ((int*)(&basename))[argc];
#else
  (void)argc;
  return 0;
#endif
}
Determining if the strncmpi exist failed with the following output:
Change Dir: N:/Development/Dev_Base/curl-7.81.0/msvc/CMakeFiles/CMakeTmp

Run Build Command(s):C:/Program Files (x86)/Microsoft Visual Studio/2019/Enterprise/MSBuild/Current/Bin/MSBuild.exe cmTC_85f5b.vcxproj /p:Configuration=Debug /p:Platform=x64 /p:VisualStudioVersion=16.0 /v:m && Microsoft (R) Build Engine version 16.11.2+f32259642 for .NET Framework
Copyright (C) Microsoft Corporation. All rights reserved.

  Microsoft (R) C/C++ Optimizing Compiler Version 19.29.30138 for x64
  Copyright (C) Microsoft Corporation.  All rights reserved.
  CheckSymbolExists.c
  cl /c /I"N:\Development\Dev_Base\zlib-1.2.11" /I"C:\Program Files (x86)\Visual Leak Detector\include" /Zi /W1 /WX- /diagnostics:column /Od /Ob0 /D WIN32 /D _WINDOWS /D _WIN32_WINNT=0x0600 /D _WINSOCKAPI_= /D "CMAKE_INTDIR=\"Debug\"" /D _MBCS /Gm- /RTC1 /MDd /GS /fp:precise /Zc:wchar_t /Zc:forScope /Zc:inline /Fo"cmTC_85f5b.dir\Debug\\" /Fd"cmTC_85f5b.dir\Debug\vc142.pdb" /external:W1 /Gd /TC /errorReport:queue "N:\Development\Dev_Base\curl-7.81.0\msvc\CMakeFiles\CMakeTmp\CheckSymbolExists.c"
N:\Development\Dev_Base\curl-7.81.0\msvc\CMakeFiles\CMakeTmp\CheckSymbolExists.c(31,27): error C2065: 'strncmpi': undeclared identifier [N:\Development\Dev_Base\curl-7.81.0\msvc\CMakeFiles\CMakeTmp\cmTC_85f5b.vcxproj]


File N:/Development/Dev_Base/curl-7.81.0/msvc/CMakeFiles/CMakeTmp/CheckSymbolExists.c:
/* */
#include <windows.h>
#include <ws2tcpip.h>
#include <winsock2.h>
#include <wincrypt.h>
#include <stdio.h>
#include <sys/stat.h>
#include <sys/types.h>
#include <sys/utime.h>
#include <assert.h>
#include <errno.h>
#include <fcntl.h>
#include <io.h>
#include <locale.h>
#include <setjmp.h>
#include <signal.h>
#include <stdbool.h>
#include <stdio.h>
#include <stdlib.h>
#include <string.h>
#include <time.h>
#include <process.h>
#include <stddef.h>
#include <malloc.h>
#include <memory.h>

int main(int argc, char** argv)
{
  (void)argv;
#ifndef strncmpi
  return ((int*)(&strncmpi))[argc];
#else
  (void)argc;
  return 0;
#endif
}
Determining if the alarm exist failed with the following output:
Change Dir: N:/Development/Dev_Base/curl-7.81.0/msvc/CMakeFiles/CMakeTmp

Run Build Command(s):C:/Program Files (x86)/Microsoft Visual Studio/2019/Enterprise/MSBuild/Current/Bin/MSBuild.exe cmTC_06043.vcxproj /p:Configuration=Debug /p:Platform=x64 /p:VisualStudioVersion=16.0 /v:m && Microsoft (R) Build Engine version 16.11.2+f32259642 for .NET Framework
Copyright (C) Microsoft Corporation. All rights reserved.

  Microsoft (R) C/C++ Optimizing Compiler Version 19.29.30138 for x64
  Copyright (C) Microsoft Corporation.  All rights reserved.
  CheckSymbolExists.c
  cl /c /I"N:\Development\Dev_Base\zlib-1.2.11" /I"C:\Program Files (x86)\Visual Leak Detector\include" /Zi /W1 /WX- /diagnostics:column /Od /Ob0 /D WIN32 /D _WINDOWS /D _WIN32_WINNT=0x0600 /D _WINSOCKAPI_= /D "CMAKE_INTDIR=\"Debug\"" /D _MBCS /Gm- /RTC1 /MDd /GS /fp:precise /Zc:wchar_t /Zc:forScope /Zc:inline /Fo"cmTC_06043.dir\Debug\\" /Fd"cmTC_06043.dir\Debug\vc142.pdb" /external:W1 /Gd /TC /errorReport:queue "N:\Development\Dev_Base\curl-7.81.0\msvc\CMakeFiles\CMakeTmp\CheckSymbolExists.c"
N:\Development\Dev_Base\curl-7.81.0\msvc\CMakeFiles\CMakeTmp\CheckSymbolExists.c(31,24): error C2065: 'alarm': undeclared identifier [N:\Development\Dev_Base\curl-7.81.0\msvc\CMakeFiles\CMakeTmp\cmTC_06043.vcxproj]


File N:/Development/Dev_Base/curl-7.81.0/msvc/CMakeFiles/CMakeTmp/CheckSymbolExists.c:
/* */
#include <windows.h>
#include <ws2tcpip.h>
#include <winsock2.h>
#include <wincrypt.h>
#include <stdio.h>
#include <sys/stat.h>
#include <sys/types.h>
#include <sys/utime.h>
#include <assert.h>
#include <errno.h>
#include <fcntl.h>
#include <io.h>
#include <locale.h>
#include <setjmp.h>
#include <signal.h>
#include <stdbool.h>
#include <stdio.h>
#include <stdlib.h>
#include <string.h>
#include <time.h>
#include <process.h>
#include <stddef.h>
#include <malloc.h>
#include <memory.h>

int main(int argc, char** argv)
{
  (void)argv;
#ifndef alarm
  return ((int*)(&alarm))[argc];
#else
  (void)argc;
  return 0;
#endif
}
Determining if the getppid exist failed with the following output:
Change Dir: N:/Development/Dev_Base/curl-7.81.0/msvc/CMakeFiles/CMakeTmp

Run Build Command(s):C:/Program Files (x86)/Microsoft Visual Studio/2019/Enterprise/MSBuild/Current/Bin/MSBuild.exe cmTC_67b75.vcxproj /p:Configuration=Debug /p:Platform=x64 /p:VisualStudioVersion=16.0 /v:m && Microsoft (R) Build Engine version 16.11.2+f32259642 for .NET Framework
Copyright (C) Microsoft Corporation. All rights reserved.

  Microsoft (R) C/C++ Optimizing Compiler Version 19.29.30138 for x64
  Copyright (C) Microsoft Corporation.  All rights reserved.
  CheckSymbolExists.c
  cl /c /I"N:\Development\Dev_Base\zlib-1.2.11" /I"C:\Program Files (x86)\Visual Leak Detector\include" /Zi /W1 /WX- /diagnostics:column /Od /Ob0 /D WIN32 /D _WINDOWS /D _WIN32_WINNT=0x0600 /D _WINSOCKAPI_= /D "CMAKE_INTDIR=\"Debug\"" /D _MBCS /Gm- /RTC1 /MDd /GS /fp:precise /Zc:wchar_t /Zc:forScope /Zc:inline /Fo"cmTC_67b75.dir\Debug\\" /Fd"cmTC_67b75.dir\Debug\vc142.pdb" /external:W1 /Gd /TC /errorReport:queue "N:\Development\Dev_Base\curl-7.81.0\msvc\CMakeFiles\CMakeTmp\CheckSymbolExists.c"
N:\Development\Dev_Base\curl-7.81.0\msvc\CMakeFiles\CMakeTmp\CheckSymbolExists.c(31,26): error C2065: 'getppid': undeclared identifier [N:\Development\Dev_Base\curl-7.81.0\msvc\CMakeFiles\CMakeTmp\cmTC_67b75.vcxproj]


File N:/Development/Dev_Base/curl-7.81.0/msvc/CMakeFiles/CMakeTmp/CheckSymbolExists.c:
/* */
#include <windows.h>
#include <ws2tcpip.h>
#include <winsock2.h>
#include <wincrypt.h>
#include <stdio.h>
#include <sys/stat.h>
#include <sys/types.h>
#include <sys/utime.h>
#include <assert.h>
#include <errno.h>
#include <fcntl.h>
#include <io.h>
#include <locale.h>
#include <setjmp.h>
#include <signal.h>
#include <stdbool.h>
#include <stdio.h>
#include <stdlib.h>
#include <string.h>
#include <time.h>
#include <process.h>
#include <stddef.h>
#include <malloc.h>
#include <memory.h>

int main(int argc, char** argv)
{
  (void)argv;
#ifndef getppid
  return ((int*)(&getppid))[argc];
#else
  (void)argc;
  return 0;
#endif
}
Determining if the utimes exist failed with the following output:
Change Dir: N:/Development/Dev_Base/curl-7.81.0/msvc/CMakeFiles/CMakeTmp

Run Build Command(s):C:/Program Files (x86)/Microsoft Visual Studio/2019/Enterprise/MSBuild/Current/Bin/MSBuild.exe cmTC_ab626.vcxproj /p:Configuration=Debug /p:Platform=x64 /p:VisualStudioVersion=16.0 /v:m && Microsoft (R) Build Engine version 16.11.2+f32259642 for .NET Framework
Copyright (C) Microsoft Corporation. All rights reserved.

  Microsoft (R) C/C++ Optimizing Compiler Version 19.29.30138 for x64
  Copyright (C) Microsoft Corporation.  All rights reserved.
  CheckSymbolExists.c
  cl /c /I"N:\Development\Dev_Base\zlib-1.2.11" /I"C:\Program Files (x86)\Visual Leak Detector\include" /Zi /W1 /WX- /diagnostics:column /Od /Ob0 /D WIN32 /D _WINDOWS /D _WIN32_WINNT=0x0600 /D _WINSOCKAPI_= /D "CMAKE_INTDIR=\"Debug\"" /D _MBCS /Gm- /RTC1 /MDd /GS /fp:precise /Zc:wchar_t /Zc:forScope /Zc:inline /Fo"cmTC_ab626.dir\Debug\\" /Fd"cmTC_ab626.dir\Debug\vc142.pdb" /external:W1 /Gd /TC /errorReport:queue "N:\Development\Dev_Base\curl-7.81.0\msvc\CMakeFiles\CMakeTmp\CheckSymbolExists.c"
N:\Development\Dev_Base\curl-7.81.0\msvc\CMakeFiles\CMakeTmp\CheckSymbolExists.c(31,25): error C2065: 'utimes': undeclared identifier [N:\Development\Dev_Base\curl-7.81.0\msvc\CMakeFiles\CMakeTmp\cmTC_ab626.vcxproj]


File N:/Development/Dev_Base/curl-7.81.0/msvc/CMakeFiles/CMakeTmp/CheckSymbolExists.c:
/* */
#include <windows.h>
#include <ws2tcpip.h>
#include <winsock2.h>
#include <wincrypt.h>
#include <stdio.h>
#include <sys/stat.h>
#include <sys/types.h>
#include <sys/utime.h>
#include <assert.h>
#include <errno.h>
#include <fcntl.h>
#include <io.h>
#include <locale.h>
#include <setjmp.h>
#include <signal.h>
#include <stdbool.h>
#include <stdio.h>
#include <stdlib.h>
#include <string.h>
#include <time.h>
#include <process.h>
#include <stddef.h>
#include <malloc.h>
#include <memory.h>

int main(int argc, char** argv)
{
  (void)argv;
#ifndef utimes
  return ((int*)(&utimes))[argc];
#else
  (void)argc;
  return 0;
#endif
}
Determining if the getpwuid_r exist failed with the following output:
Change Dir: N:/Development/Dev_Base/curl-7.81.0/msvc/CMakeFiles/CMakeTmp

Run Build Command(s):C:/Program Files (x86)/Microsoft Visual Studio/2019/Enterprise/MSBuild/Current/Bin/MSBuild.exe cmTC_16091.vcxproj /p:Configuration=Debug /p:Platform=x64 /p:VisualStudioVersion=16.0 /v:m && Microsoft (R) Build Engine version 16.11.2+f32259642 for .NET Framework
Copyright (C) Microsoft Corporation. All rights reserved.

  Microsoft (R) C/C++ Optimizing Compiler Version 19.29.30138 for x64
  Copyright (C) Microsoft Corporation.  All rights reserved.
  CheckSymbolExists.c
  cl /c /I"N:\Development\Dev_Base\zlib-1.2.11" /I"C:\Program Files (x86)\Visual Leak Detector\include" /Zi /W1 /WX- /diagnostics:column /Od /Ob0 /D WIN32 /D _WINDOWS /D _WIN32_WINNT=0x0600 /D _WINSOCKAPI_= /D "CMAKE_INTDIR=\"Debug\"" /D _MBCS /Gm- /RTC1 /MDd /GS /fp:precise /Zc:wchar_t /Zc:forScope /Zc:inline /Fo"cmTC_16091.dir\Debug\\" /Fd"cmTC_16091.dir\Debug\vc142.pdb" /external:W1 /Gd /TC /errorReport:queue "N:\Development\Dev_Base\curl-7.81.0\msvc\CMakeFiles\CMakeTmp\CheckSymbolExists.c"
N:\Development\Dev_Base\curl-7.81.0\msvc\CMakeFiles\CMakeTmp\CheckSymbolExists.c(31,29): error C2065: 'getpwuid_r': undeclared identifier [N:\Development\Dev_Base\curl-7.81.0\msvc\CMakeFiles\CMakeTmp\cmTC_16091.vcxproj]


File N:/Development/Dev_Base/curl-7.81.0/msvc/CMakeFiles/CMakeTmp/CheckSymbolExists.c:
/* */
#include <windows.h>
#include <ws2tcpip.h>
#include <winsock2.h>
#include <wincrypt.h>
#include <stdio.h>
#include <sys/stat.h>
#include <sys/types.h>
#include <sys/utime.h>
#include <assert.h>
#include <errno.h>
#include <fcntl.h>
#include <io.h>
#include <locale.h>
#include <setjmp.h>
#include <signal.h>
#include <stdbool.h>
#include <stdio.h>
#include <stdlib.h>
#include <string.h>
#include <time.h>
#include <process.h>
#include <stddef.h>
#include <malloc.h>
#include <memory.h>

int main(int argc, char** argv)
{
  (void)argv;
#ifndef getpwuid_r
  return ((int*)(&getpwuid_r))[argc];
#else
  (void)argc;
  return 0;
#endif
}
Determining if the usleep exist failed with the following output:
Change Dir: N:/Development/Dev_Base/curl-7.81.0/msvc/CMakeFiles/CMakeTmp

Run Build Command(s):C:/Program Files (x86)/Microsoft Visual Studio/2019/Enterprise/MSBuild/Current/Bin/MSBuild.exe cmTC_62f01.vcxproj /p:Configuration=Debug /p:Platform=x64 /p:VisualStudioVersion=16.0 /v:m && Microsoft (R) Build Engine version 16.11.2+f32259642 for .NET Framework
Copyright (C) Microsoft Corporation. All rights reserved.

  Microsoft (R) C/C++ Optimizing Compiler Version 19.29.30138 for x64
  Copyright (C) Microsoft Corporation.  All rights reserved.
  CheckSymbolExists.c
  cl /c /I"N:\Development\Dev_Base\zlib-1.2.11" /I"C:\Program Files (x86)\Visual Leak Detector\include" /Zi /W1 /WX- /diagnostics:column /Od /Ob0 /D WIN32 /D _WINDOWS /D _WIN32_WINNT=0x0600 /D _WINSOCKAPI_= /D "CMAKE_INTDIR=\"Debug\"" /D _MBCS /Gm- /RTC1 /MDd /GS /fp:precise /Zc:wchar_t /Zc:forScope /Zc:inline /Fo"cmTC_62f01.dir\Debug\\" /Fd"cmTC_62f01.dir\Debug\vc142.pdb" /external:W1 /Gd /TC /errorReport:queue "N:\Development\Dev_Base\curl-7.81.0\msvc\CMakeFiles\CMakeTmp\CheckSymbolExists.c"
N:\Development\Dev_Base\curl-7.81.0\msvc\CMakeFiles\CMakeTmp\CheckSymbolExists.c(31,25): error C2065: 'usleep': undeclared identifier [N:\Development\Dev_Base\curl-7.81.0\msvc\CMakeFiles\CMakeTmp\cmTC_62f01.vcxproj]


File N:/Development/Dev_Base/curl-7.81.0/msvc/CMakeFiles/CMakeTmp/CheckSymbolExists.c:
/* */
#include <windows.h>
#include <ws2tcpip.h>
#include <winsock2.h>
#include <wincrypt.h>
#include <stdio.h>
#include <sys/stat.h>
#include <sys/types.h>
#include <sys/utime.h>
#include <assert.h>
#include <errno.h>
#include <fcntl.h>
#include <io.h>
#include <locale.h>
#include <setjmp.h>
#include <signal.h>
#include <stdbool.h>
#include <stdio.h>
#include <stdlib.h>
#include <string.h>
#include <time.h>
#include <process.h>
#include <stddef.h>
#include <malloc.h>
#include <memory.h>

int main(int argc, char** argv)
{
  (void)argv;
#ifndef usleep
  return ((int*)(&usleep))[argc];
#else
  (void)argc;
  return 0;
#endif
}
Determining if the strerror_r exist failed with the following output:
Change Dir: N:/Development/Dev_Base/curl-7.81.0/msvc/CMakeFiles/CMakeTmp

Run Build Command(s):C:/Program Files (x86)/Microsoft Visual Studio/2019/Enterprise/MSBuild/Current/Bin/MSBuild.exe cmTC_8d824.vcxproj /p:Configuration=Debug /p:Platform=x64 /p:VisualStudioVersion=16.0 /v:m && Microsoft (R) Build Engine version 16.11.2+f32259642 for .NET Framework
Copyright (C) Microsoft Corporation. All rights reserved.

  Microsoft (R) C/C++ Optimizing Compiler Version 19.29.30138 for x64
  Copyright (C) Microsoft Corporation.  All rights reserved.
  CheckSymbolExists.c
  cl /c /I"N:\Development\Dev_Base\zlib-1.2.11" /I"C:\Program Files (x86)\Visual Leak Detector\include" /Zi /W1 /WX- /diagnostics:column /Od /Ob0 /D WIN32 /D _WINDOWS /D _WIN32_WINNT=0x0600 /D _WINSOCKAPI_= /D "CMAKE_INTDIR=\"Debug\"" /D _MBCS /Gm- /RTC1 /MDd /GS /fp:precise /Zc:wchar_t /Zc:forScope /Zc:inline /Fo"cmTC_8d824.dir\Debug\\" /Fd"cmTC_8d824.dir\Debug\vc142.pdb" /external:W1 /Gd /TC /errorReport:queue "N:\Development\Dev_Base\curl-7.81.0\msvc\CMakeFiles\CMakeTmp\CheckSymbolExists.c"
N:\Development\Dev_Base\curl-7.81.0\msvc\CMakeFiles\CMakeTmp\CheckSymbolExists.c(31,29): error C2065: 'strerror_r': undeclared identifier [N:\Development\Dev_Base\curl-7.81.0\msvc\CMakeFiles\CMakeTmp\cmTC_8d824.vcxproj]


File N:/Development/Dev_Base/curl-7.81.0/msvc/CMakeFiles/CMakeTmp/CheckSymbolExists.c:
/* */
#include <windows.h>
#include <ws2tcpip.h>
#include <winsock2.h>
#include <wincrypt.h>
#include <stdio.h>
#include <sys/stat.h>
#include <sys/types.h>
#include <sys/utime.h>
#include <assert.h>
#include <errno.h>
#include <fcntl.h>
#include <io.h>
#include <locale.h>
#include <setjmp.h>
#include <signal.h>
#include <stdbool.h>
#include <stdio.h>
#include <stdlib.h>
#include <string.h>
#include <time.h>
#include <process.h>
#include <stddef.h>
#include <malloc.h>
#include <memory.h>

int main(int argc, char** argv)
{
  (void)argv;
#ifndef strerror_r
  return ((int*)(&strerror_r))[argc];
#else
  (void)argc;
  return 0;
#endif
}
Determining if the siginterrupt exist failed with the following output:
Change Dir: N:/Development/Dev_Base/curl-7.81.0/msvc/CMakeFiles/CMakeTmp

Run Build Command(s):C:/Program Files (x86)/Microsoft Visual Studio/2019/Enterprise/MSBuild/Current/Bin/MSBuild.exe cmTC_8cd8f.vcxproj /p:Configuration=Debug /p:Platform=x64 /p:VisualStudioVersion=16.0 /v:m && Microsoft (R) Build Engine version 16.11.2+f32259642 for .NET Framework
Copyright (C) Microsoft Corporation. All rights reserved.

  Microsoft (R) C/C++ Optimizing Compiler Version 19.29.30138 for x64
  Copyright (C) Microsoft Corporation.  All rights reserved.
  CheckSymbolExists.c
  cl /c /I"N:\Development\Dev_Base\zlib-1.2.11" /I"C:\Program Files (x86)\Visual Leak Detector\include" /Zi /W1 /WX- /diagnostics:column /Od /Ob0 /D WIN32 /D _WINDOWS /D _WIN32_WINNT=0x0600 /D _WINSOCKAPI_= /D "CMAKE_INTDIR=\"Debug\"" /D _MBCS /Gm- /RTC1 /MDd /GS /fp:precise /Zc:wchar_t /Zc:forScope /Zc:inline /Fo"cmTC_8cd8f.dir\Debug\\" /Fd"cmTC_8cd8f.dir\Debug\vc142.pdb" /external:W1 /Gd /TC /errorReport:queue "N:\Development\Dev_Base\curl-7.81.0\msvc\CMakeFiles\CMakeTmp\CheckSymbolExists.c"
N:\Development\Dev_Base\curl-7.81.0\msvc\CMakeFiles\CMakeTmp\CheckSymbolExists.c(31,31): error C2065: 'siginterrupt': undeclared identifier [N:\Development\Dev_Base\curl-7.81.0\msvc\CMakeFiles\CMakeTmp\cmTC_8cd8f.vcxproj]


File N:/Development/Dev_Base/curl-7.81.0/msvc/CMakeFiles/CMakeTmp/CheckSymbolExists.c:
/* */
#include <windows.h>
#include <ws2tcpip.h>
#include <winsock2.h>
#include <wincrypt.h>
#include <stdio.h>
#include <sys/stat.h>
#include <sys/types.h>
#include <sys/utime.h>
#include <assert.h>
#include <errno.h>
#include <fcntl.h>
#include <io.h>
#include <locale.h>
#include <setjmp.h>
#include <signal.h>
#include <stdbool.h>
#include <stdio.h>
#include <stdlib.h>
#include <string.h>
#include <time.h>
#include <process.h>
#include <stddef.h>
#include <malloc.h>
#include <memory.h>

int main(int argc, char** argv)
{
  (void)argv;
#ifndef siginterrupt
  return ((int*)(&siginterrupt))[argc];
#else
  (void)argc;
  return 0;
#endif
}
Determining if the pipe exist failed with the following output:
Change Dir: N:/Development/Dev_Base/curl-7.81.0/msvc/CMakeFiles/CMakeTmp

Run Build Command(s):C:/Program Files (x86)/Microsoft Visual Studio/2019/Enterprise/MSBuild/Current/Bin/MSBuild.exe cmTC_e6399.vcxproj /p:Configuration=Debug /p:Platform=x64 /p:VisualStudioVersion=16.0 /v:m && Microsoft (R) Build Engine version 16.11.2+f32259642 for .NET Framework
Copyright (C) Microsoft Corporation. All rights reserved.

  Microsoft (R) C/C++ Optimizing Compiler Version 19.29.30138 for x64
  Copyright (C) Microsoft Corporation.  All rights reserved.
  CheckSymbolExists.c
  cl /c /I"N:\Development\Dev_Base\zlib-1.2.11" /I"C:\Program Files (x86)\Visual Leak Detector\include" /Zi /W1 /WX- /diagnostics:column /Od /Ob0 /D WIN32 /D _WINDOWS /D _WIN32_WINNT=0x0600 /D _WINSOCKAPI_= /D "CMAKE_INTDIR=\"Debug\"" /D _MBCS /Gm- /RTC1 /MDd /GS /fp:precise /Zc:wchar_t /Zc:forScope /Zc:inline /Fo"cmTC_e6399.dir\Debug\\" /Fd"cmTC_e6399.dir\Debug\vc142.pdb" /external:W1 /Gd /TC /errorReport:queue "N:\Development\Dev_Base\curl-7.81.0\msvc\CMakeFiles\CMakeTmp\CheckSymbolExists.c"
N:\Development\Dev_Base\curl-7.81.0\msvc\CMakeFiles\CMakeTmp\CheckSymbolExists.c(31,23): error C2065: 'pipe': undeclared identifier [N:\Development\Dev_Base\curl-7.81.0\msvc\CMakeFiles\CMakeTmp\cmTC_e6399.vcxproj]


File N:/Development/Dev_Base/curl-7.81.0/msvc/CMakeFiles/CMakeTmp/CheckSymbolExists.c:
/* */
#include <windows.h>
#include <ws2tcpip.h>
#include <winsock2.h>
#include <wincrypt.h>
#include <stdio.h>
#include <sys/stat.h>
#include <sys/types.h>
#include <sys/utime.h>
#include <assert.h>
#include <errno.h>
#include <fcntl.h>
#include <io.h>
#include <locale.h>
#include <setjmp.h>
#include <signal.h>
#include <stdbool.h>
#include <stdio.h>
#include <stdlib.h>
#include <string.h>
#include <time.h>
#include <process.h>
#include <stddef.h>
#include <malloc.h>
#include <memory.h>

int main(int argc, char** argv)
{
  (void)argv;
#ifndef pipe
  return ((int*)(&pipe))[argc];
#else
  (void)argc;
  return 0;
#endif
}
Determining if the ftruncate exist failed with the following output:
Change Dir: N:/Development/Dev_Base/curl-7.81.0/msvc/CMakeFiles/CMakeTmp

Run Build Command(s):C:/Program Files (x86)/Microsoft Visual Studio/2019/Enterprise/MSBuild/Current/Bin/MSBuild.exe cmTC_122b5.vcxproj /p:Configuration=Debug /p:Platform=x64 /p:VisualStudioVersion=16.0 /v:m && Microsoft (R) Build Engine version 16.11.2+f32259642 for .NET Framework
Copyright (C) Microsoft Corporation. All rights reserved.

  Microsoft (R) C/C++ Optimizing Compiler Version 19.29.30138 for x64
  Copyright (C) Microsoft Corporation.  All rights reserved.
  CheckSymbolExists.c
  cl /c /I"N:\Development\Dev_Base\zlib-1.2.11" /I"C:\Program Files (x86)\Visual Leak Detector\include" /Zi /W1 /WX- /diagnostics:column /Od /Ob0 /D WIN32 /D _WINDOWS /D _WIN32_WINNT=0x0600 /D _WINSOCKAPI_= /D "CMAKE_INTDIR=\"Debug\"" /D _MBCS /Gm- /RTC1 /MDd /GS /fp:precise /Zc:wchar_t /Zc:forScope /Zc:inline /Fo"cmTC_122b5.dir\Debug\\" /Fd"cmTC_122b5.dir\Debug\vc142.pdb" /external:W1 /Gd /TC /errorReport:queue "N:\Development\Dev_Base\curl-7.81.0\msvc\CMakeFiles\CMakeTmp\CheckSymbolExists.c"
N:\Development\Dev_Base\curl-7.81.0\msvc\CMakeFiles\CMakeTmp\CheckSymbolExists.c(31,28): error C2065: 'ftruncate': undeclared identifier [N:\Development\Dev_Base\curl-7.81.0\msvc\CMakeFiles\CMakeTmp\cmTC_122b5.vcxproj]


File N:/Development/Dev_Base/curl-7.81.0/msvc/CMakeFiles/CMakeTmp/CheckSymbolExists.c:
/* */
#include <windows.h>
#include <ws2tcpip.h>
#include <winsock2.h>
#include <wincrypt.h>
#include <stdio.h>
#include <sys/stat.h>
#include <sys/types.h>
#include <sys/utime.h>
#include <assert.h>
#include <errno.h>
#include <fcntl.h>
#include <io.h>
#include <locale.h>
#include <setjmp.h>
#include <signal.h>
#include <stdbool.h>
#include <stdio.h>
#include <stdlib.h>
#include <string.h>
#include <time.h>
#include <process.h>
#include <stddef.h>
#include <malloc.h>
#include <memory.h>

int main(int argc, char** argv)
{
  (void)argv;
#ifndef ftruncate
  return ((int*)(&ftruncate))[argc];
#else
  (void)argc;
  return 0;
#endif
}
Determining if the if_nametoindex exist failed with the following output:
Change Dir: N:/Development/Dev_Base/curl-7.81.0/msvc/CMakeFiles/CMakeTmp

Run Build Command(s):C:/Program Files (x86)/Microsoft Visual Studio/2019/Enterprise/MSBuild/Current/Bin/MSBuild.exe cmTC_6790f.vcxproj /p:Configuration=Debug /p:Platform=x64 /p:VisualStudioVersion=16.0 /v:m && Microsoft (R) Build Engine version 16.11.2+f32259642 for .NET Framework
Copyright (C) Microsoft Corporation. All rights reserved.

  Microsoft (R) C/C++ Optimizing Compiler Version 19.29.30138 for x64
  Copyright (C) Microsoft Corporation.  All rights reserved.
  CheckSymbolExists.c
  cl /c /I"N:\Development\Dev_Base\zlib-1.2.11" /I"C:\Program Files (x86)\Visual Leak Detector\include" /Zi /W1 /WX- /diagnostics:column /Od /Ob0 /D WIN32 /D _WINDOWS /D _WIN32_WINNT=0x0600 /D _WINSOCKAPI_= /D "CMAKE_INTDIR=\"Debug\"" /D _MBCS /Gm- /RTC1 /MDd /GS /fp:precise /Zc:wchar_t /Zc:forScope /Zc:inline /Fo"cmTC_6790f.dir\Debug\\" /Fd"cmTC_6790f.dir\Debug\vc142.pdb" /external:W1 /Gd /TC /errorReport:queue "N:\Development\Dev_Base\curl-7.81.0\msvc\CMakeFiles\CMakeTmp\CheckSymbolExists.c"
N:\Development\Dev_Base\curl-7.81.0\msvc\CMakeFiles\CMakeTmp\CheckSymbolExists.c(31,33): error C2065: 'if_nametoindex': undeclared identifier [N:\Development\Dev_Base\curl-7.81.0\msvc\CMakeFiles\CMakeTmp\cmTC_6790f.vcxproj]


File N:/Development/Dev_Base/curl-7.81.0/msvc/CMakeFiles/CMakeTmp/CheckSymbolExists.c:
/* */
#include <windows.h>
#include <ws2tcpip.h>
#include <winsock2.h>
#include <wincrypt.h>
#include <stdio.h>
#include <sys/stat.h>
#include <sys/types.h>
#include <sys/utime.h>
#include <assert.h>
#include <errno.h>
#include <fcntl.h>
#include <io.h>
#include <locale.h>
#include <setjmp.h>
#include <signal.h>
#include <stdbool.h>
#include <stdio.h>
#include <stdlib.h>
#include <string.h>
#include <time.h>
#include <process.h>
#include <stddef.h>
#include <malloc.h>
#include <memory.h>

int main(int argc, char** argv)
{
  (void)argv;
#ifndef if_nametoindex
  return ((int*)(&if_nametoindex))[argc];
#else
  (void)argc;
  return 0;
#endif
}
Determining if the getrlimit exist failed with the following output:
Change Dir: N:/Development/Dev_Base/curl-7.81.0/msvc/CMakeFiles/CMakeTmp

Run Build Command(s):C:/Program Files (x86)/Microsoft Visual Studio/2019/Enterprise/MSBuild/Current/Bin/MSBuild.exe cmTC_48f4f.vcxproj /p:Configuration=Debug /p:Platform=x64 /p:VisualStudioVersion=16.0 /v:m && Microsoft (R) Build Engine version 16.11.2+f32259642 for .NET Framework
Copyright (C) Microsoft Corporation. All rights reserved.

  Microsoft (R) C/C++ Optimizing Compiler Version 19.29.30138 for x64
  Copyright (C) Microsoft Corporation.  All rights reserved.
  CheckSymbolExists.c
  cl /c /I"N:\Development\Dev_Base\zlib-1.2.11" /I"C:\Program Files (x86)\Visual Leak Detector\include" /Zi /W1 /WX- /diagnostics:column /Od /Ob0 /D WIN32 /D _WINDOWS /D _WIN32_WINNT=0x0600 /D _WINSOCKAPI_= /D "CMAKE_INTDIR=\"Debug\"" /D _MBCS /Gm- /RTC1 /MDd /GS /fp:precise /Zc:wchar_t /Zc:forScope /Zc:inline /Fo"cmTC_48f4f.dir\Debug\\" /Fd"cmTC_48f4f.dir\Debug\vc142.pdb" /external:W1 /Gd /TC /errorReport:queue "N:\Development\Dev_Base\curl-7.81.0\msvc\CMakeFiles\CMakeTmp\CheckSymbolExists.c"
N:\Development\Dev_Base\curl-7.81.0\msvc\CMakeFiles\CMakeTmp\CheckSymbolExists.c(31,28): error C2065: 'getrlimit': undeclared identifier [N:\Development\Dev_Base\curl-7.81.0\msvc\CMakeFiles\CMakeTmp\cmTC_48f4f.vcxproj]


File N:/Development/Dev_Base/curl-7.81.0/msvc/CMakeFiles/CMakeTmp/CheckSymbolExists.c:
/* */
#include <windows.h>
#include <ws2tcpip.h>
#include <winsock2.h>
#include <wincrypt.h>
#include <stdio.h>
#include <sys/stat.h>
#include <sys/types.h>
#include <sys/utime.h>
#include <assert.h>
#include <errno.h>
#include <fcntl.h>
#include <io.h>
#include <locale.h>
#include <setjmp.h>
#include <signal.h>
#include <stdbool.h>
#include <stdio.h>
#include <stdlib.h>
#include <string.h>
#include <time.h>
#include <process.h>
#include <stddef.h>
#include <malloc.h>
#include <memory.h>

int main(int argc, char** argv)
{
  (void)argv;
#ifndef getrlimit
  return ((int*)(&getrlimit))[argc];
#else
  (void)argc;
  return 0;
#endif
}
Determining if the setrlimit exist failed with the following output:
Change Dir: N:/Development/Dev_Base/curl-7.81.0/msvc/CMakeFiles/CMakeTmp

Run Build Command(s):C:/Program Files (x86)/Microsoft Visual Studio/2019/Enterprise/MSBuild/Current/Bin/MSBuild.exe cmTC_eaab8.vcxproj /p:Configuration=Debug /p:Platform=x64 /p:VisualStudioVersion=16.0 /v:m && Microsoft (R) Build Engine version 16.11.2+f32259642 for .NET Framework
Copyright (C) Microsoft Corporation. All rights reserved.

  Microsoft (R) C/C++ Optimizing Compiler Version 19.29.30138 for x64
  Copyright (C) Microsoft Corporation.  All rights reserved.
  CheckSymbolExists.c
  cl /c /I"N:\Development\Dev_Base\zlib-1.2.11" /I"C:\Program Files (x86)\Visual Leak Detector\include" /Zi /W1 /WX- /diagnostics:column /Od /Ob0 /D WIN32 /D _WINDOWS /D _WIN32_WINNT=0x0600 /D _WINSOCKAPI_= /D "CMAKE_INTDIR=\"Debug\"" /D _MBCS /Gm- /RTC1 /MDd /GS /fp:precise /Zc:wchar_t /Zc:forScope /Zc:inline /Fo"cmTC_eaab8.dir\Debug\\" /Fd"cmTC_eaab8.dir\Debug\vc142.pdb" /external:W1 /Gd /TC /errorReport:queue "N:\Development\Dev_Base\curl-7.81.0\msvc\CMakeFiles\CMakeTmp\CheckSymbolExists.c"
N:\Development\Dev_Base\curl-7.81.0\msvc\CMakeFiles\CMakeTmp\CheckSymbolExists.c(31,28): error C2065: 'setrlimit': undeclared identifier [N:\Development\Dev_Base\curl-7.81.0\msvc\CMakeFiles\CMakeTmp\cmTC_eaab8.vcxproj]


File N:/Development/Dev_Base/curl-7.81.0/msvc/CMakeFiles/CMakeTmp/CheckSymbolExists.c:
/* */
#include <windows.h>
#include <ws2tcpip.h>
#include <winsock2.h>
#include <wincrypt.h>
#include <stdio.h>
#include <sys/stat.h>
#include <sys/types.h>
#include <sys/utime.h>
#include <assert.h>
#include <errno.h>
#include <fcntl.h>
#include <io.h>
#include <locale.h>
#include <setjmp.h>
#include <signal.h>
#include <stdbool.h>
#include <stdio.h>
#include <stdlib.h>
#include <string.h>
#include <time.h>
#include <process.h>
#include <stddef.h>
#include <malloc.h>
#include <memory.h>

int main(int argc, char** argv)
{
  (void)argv;
#ifndef setrlimit
  return ((int*)(&setrlimit))[argc];
#else
  (void)argc;
  return 0;
#endif
}
Determining if the fcntl exist failed with the following output:
Change Dir: N:/Development/Dev_Base/curl-7.81.0/msvc/CMakeFiles/CMakeTmp

Run Build Command(s):C:/Program Files (x86)/Microsoft Visual Studio/2019/Enterprise/MSBuild/Current/Bin/MSBuild.exe cmTC_98aaf.vcxproj /p:Configuration=Debug /p:Platform=x64 /p:VisualStudioVersion=16.0 /v:m && Microsoft (R) Build Engine version 16.11.2+f32259642 for .NET Framework
Copyright (C) Microsoft Corporation. All rights reserved.

  Microsoft (R) C/C++ Optimizing Compiler Version 19.29.30138 for x64
  Copyright (C) Microsoft Corporation.  All rights reserved.
  CheckSymbolExists.c
  cl /c /I"N:\Development\Dev_Base\zlib-1.2.11" /I"C:\Program Files (x86)\Visual Leak Detector\include" /Zi /W1 /WX- /diagnostics:column /Od /Ob0 /D WIN32 /D _WINDOWS /D _WIN32_WINNT=0x0600 /D _WINSOCKAPI_= /D "CMAKE_INTDIR=\"Debug\"" /D _MBCS /Gm- /RTC1 /MDd /GS /fp:precise /Zc:wchar_t /Zc:forScope /Zc:inline /Fo"cmTC_98aaf.dir\Debug\\" /Fd"cmTC_98aaf.dir\Debug\vc142.pdb" /external:W1 /Gd /TC /errorReport:queue "N:\Development\Dev_Base\curl-7.81.0\msvc\CMakeFiles\CMakeTmp\CheckSymbolExists.c"
N:\Development\Dev_Base\curl-7.81.0\msvc\CMakeFiles\CMakeTmp\CheckSymbolExists.c(31,24): error C2065: 'fcntl': undeclared identifier [N:\Development\Dev_Base\curl-7.81.0\msvc\CMakeFiles\CMakeTmp\cmTC_98aaf.vcxproj]


File N:/Development/Dev_Base/curl-7.81.0/msvc/CMakeFiles/CMakeTmp/CheckSymbolExists.c:
/* */
#include <windows.h>
#include <ws2tcpip.h>
#include <winsock2.h>
#include <wincrypt.h>
#include <stdio.h>
#include <sys/stat.h>
#include <sys/types.h>
#include <sys/utime.h>
#include <assert.h>
#include <errno.h>
#include <fcntl.h>
#include <io.h>
#include <locale.h>
#include <setjmp.h>
#include <signal.h>
#include <stdbool.h>
#include <stdio.h>
#include <stdlib.h>
#include <string.h>
#include <time.h>
#include <process.h>
#include <stddef.h>
#include <malloc.h>
#include <memory.h>

int main(int argc, char** argv)
{
  (void)argv;
#ifndef fcntl
  return ((int*)(&fcntl))[argc];
#else
  (void)argc;
  return 0;
#endif
}
Determining if the ioctl exist failed with the following output:
Change Dir: N:/Development/Dev_Base/curl-7.81.0/msvc/CMakeFiles/CMakeTmp

Run Build Command(s):C:/Program Files (x86)/Microsoft Visual Studio/2019/Enterprise/MSBuild/Current/Bin/MSBuild.exe cmTC_5fd39.vcxproj /p:Configuration=Debug /p:Platform=x64 /p:VisualStudioVersion=16.0 /v:m && Microsoft (R) Build Engine version 16.11.2+f32259642 for .NET Framework
Copyright (C) Microsoft Corporation. All rights reserved.

  Microsoft (R) C/C++ Optimizing Compiler Version 19.29.30138 for x64
  Copyright (C) Microsoft Corporation.  All rights reserved.
  CheckSymbolExists.c
  cl /c /I"N:\Development\Dev_Base\zlib-1.2.11" /I"C:\Program Files (x86)\Visual Leak Detector\include" /Zi /W1 /WX- /diagnostics:column /Od /Ob0 /D WIN32 /D _WINDOWS /D _WIN32_WINNT=0x0600 /D _WINSOCKAPI_= /D "CMAKE_INTDIR=\"Debug\"" /D _MBCS /Gm- /RTC1 /MDd /GS /fp:precise /Zc:wchar_t /Zc:forScope /Zc:inline /Fo"cmTC_5fd39.dir\Debug\\" /Fd"cmTC_5fd39.dir\Debug\vc142.pdb" /external:W1 /Gd /TC /errorReport:queue "N:\Development\Dev_Base\curl-7.81.0\msvc\CMakeFiles\CMakeTmp\CheckSymbolExists.c"
N:\Development\Dev_Base\curl-7.81.0\msvc\CMakeFiles\CMakeTmp\CheckSymbolExists.c(31,24): error C2065: 'ioctl': undeclared identifier [N:\Development\Dev_Base\curl-7.81.0\msvc\CMakeFiles\CMakeTmp\cmTC_5fd39.vcxproj]


File N:/Development/Dev_Base/curl-7.81.0/msvc/CMakeFiles/CMakeTmp/CheckSymbolExists.c:
/* */
#include <windows.h>
#include <ws2tcpip.h>
#include <winsock2.h>
#include <wincrypt.h>
#include <stdio.h>
#include <sys/stat.h>
#include <sys/types.h>
#include <sys/utime.h>
#include <assert.h>
#include <errno.h>
#include <fcntl.h>
#include <io.h>
#include <locale.h>
#include <setjmp.h>
#include <signal.h>
#include <stdbool.h>
#include <stdio.h>
#include <stdlib.h>
#include <string.h>
#include <time.h>
#include <process.h>
#include <stddef.h>
#include <malloc.h>
#include <memory.h>

int main(int argc, char** argv)
{
  (void)argv;
#ifndef ioctl
  return ((int*)(&ioctl))[argc];
#else
  (void)argc;
  return 0;
#endif
}
Determining if the function mach_absolute_time exists failed with the following output:
Change Dir: N:/Development/Dev_Base/curl-7.81.0/msvc/CMakeFiles/CMakeTmp

Run Build Command(s):C:/Program Files (x86)/Microsoft Visual Studio/2019/Enterprise/MSBuild/Current/Bin/MSBuild.exe cmTC_91781.vcxproj /p:Configuration=Debug /p:Platform=x64 /p:VisualStudioVersion=16.0 /v:m && Microsoft (R) Build Engine version 16.11.2+f32259642 for .NET Framework
Copyright (C) Microsoft Corporation. All rights reserved.

  Microsoft (R) C/C++ Optimizing Compiler Version 19.29.30138 for x64
  Copyright (C) Microsoft Corporation.  All rights reserved.
  CheckFunctionExists.c
  cl /c /I"N:\Development\Dev_Base\zlib-1.2.11" /I"C:\Program Files (x86)\Visual Leak Detector\include" /Zi /W1 /WX- /diagnostics:column /Od /Ob0 /D WIN32 /D _WINDOWS /D CHECK_FUNCTION_EXISTS=mach_absolute_time /D _WIN32_WINNT=0x0600 /D _WINSOCKAPI_= /D "CMAKE_INTDIR=\"Debug\"" /D _MBCS /Gm- /RTC1 /MDd /GS /fp:precise /Zc:wchar_t /Zc:forScope /Zc:inline /Fo"cmTC_91781.dir\Debug\\" /Fd"cmTC_91781.dir\Debug\vc142.pdb" /external:W1 /Gd /TC /errorReport:queue "C:\Program Files\CMake\share\cmake-3.20\Modules\CheckFunctionExists.c"
CheckFunctionExists.obj : error LNK2019: unresolved external symbol mach_absolute_time referenced in function main [N:\Development\Dev_Base\curl-7.81.0\msvc\CMakeFiles\CMakeTmp\cmTC_91781.vcxproj]
N:\Development\Dev_Base\curl-7.81.0\msvc\CMakeFiles\CMakeTmp\Debug\cmTC_91781.exe : fatal error LNK1120: 1 unresolved externals [N:\Development\Dev_Base\curl-7.81.0\msvc\CMakeFiles\CMakeTmp\cmTC_91781.vcxproj]



Determining if the fsetxattr exist failed with the following output:
Change Dir: N:/Development/Dev_Base/curl-7.81.0/msvc/CMakeFiles/CMakeTmp

Run Build Command(s):C:/Program Files (x86)/Microsoft Visual Studio/2019/Enterprise/MSBuild/Current/Bin/MSBuild.exe cmTC_f832d.vcxproj /p:Configuration=Debug /p:Platform=x64 /p:VisualStudioVersion=16.0 /v:m && Microsoft (R) Build Engine version 16.11.2+f32259642 for .NET Framework
Copyright (C) Microsoft Corporation. All rights reserved.

  Microsoft (R) C/C++ Optimizing Compiler Version 19.29.30138 for x64
  Copyright (C) Microsoft Corporation.  All rights reserved.
  CheckSymbolExists.c
  cl /c /I"N:\Development\Dev_Base\zlib-1.2.11" /I"C:\Program Files (x86)\Visual Leak Detector\include" /Zi /W1 /WX- /diagnostics:column /Od /Ob0 /D WIN32 /D _WINDOWS /D _WIN32_WINNT=0x0600 /D _WINSOCKAPI_= /D "CMAKE_INTDIR=\"Debug\"" /D _MBCS /Gm- /RTC1 /MDd /GS /fp:precise /Zc:wchar_t /Zc:forScope /Zc:inline /Fo"cmTC_f832d.dir\Debug\\" /Fd"cmTC_f832d.dir\Debug\vc142.pdb" /external:W1 /Gd /TC /errorReport:queue "N:\Development\Dev_Base\curl-7.81.0\msvc\CMakeFiles\CMakeTmp\CheckSymbolExists.c"
N:\Development\Dev_Base\curl-7.81.0\msvc\CMakeFiles\CMakeTmp\CheckSymbolExists.c(31,28): error C2065: 'fsetxattr': undeclared identifier [N:\Development\Dev_Base\curl-7.81.0\msvc\CMakeFiles\CMakeTmp\cmTC_f832d.vcxproj]


File N:/Development/Dev_Base/curl-7.81.0/msvc/CMakeFiles/CMakeTmp/CheckSymbolExists.c:
/* */
#include <windows.h>
#include <ws2tcpip.h>
#include <winsock2.h>
#include <wincrypt.h>
#include <stdio.h>
#include <sys/stat.h>
#include <sys/types.h>
#include <sys/utime.h>
#include <assert.h>
#include <errno.h>
#include <fcntl.h>
#include <io.h>
#include <locale.h>
#include <setjmp.h>
#include <signal.h>
#include <stdbool.h>
#include <stdio.h>
#include <stdlib.h>
#include <string.h>
#include <time.h>
#include <process.h>
#include <stddef.h>
#include <malloc.h>
#include <memory.h>

int main(int argc, char** argv)
{
  (void)argv;
#ifndef fsetxattr
  return ((int*)(&fsetxattr))[argc];
#else
  (void)argc;
  return 0;
#endif
}
Determining size of sa_family_t failed with the following output:
Change Dir: N:/Development/Dev_Base/curl-7.81.0/msvc/CMakeFiles/CMakeTmp

Run Build Command(s):C:/Program Files (x86)/Microsoft Visual Studio/2019/Enterprise/MSBuild/Current/Bin/MSBuild.exe cmTC_dccc4.vcxproj /p:Configuration=Debug /p:Platform=x64 /p:VisualStudioVersion=16.0 /v:m && Microsoft (R) Build Engine version 16.11.2+f32259642 for .NET Framework
Copyright (C) Microsoft Corporation. All rights reserved.

  Microsoft (R) C/C++ Optimizing Compiler Version 19.29.30138 for x64
  Copyright (C) Microsoft Corporation.  All rights reserved.
  SIZEOF_SA_FAMILY_T.c
  cl /c /I"N:\Development\Dev_Base\zlib-1.2.11" /I"C:\Program Files (x86)\Visual Leak Detector\include" /Zi /W1 /WX- /diagnostics:column /Od /Ob0 /D WIN32 /D _WINDOWS /D _WIN32_WINNT=0x0600 /D _WINSOCKAPI_= /D "CMAKE_INTDIR=\"Debug\"" /D _MBCS /Gm- /RTC1 /MDd /GS /fp:precise /Zc:wchar_t /Zc:forScope /Zc:inline /Fo"cmTC_dccc4.dir\Debug\\" /Fd"cmTC_dccc4.dir\Debug\vc142.pdb" /external:W1 /Gd /TC /errorReport:queue "N:\Development\Dev_Base\curl-7.81.0\msvc\CMakeFiles\CheckTypeSize\SIZEOF_SA_FAMILY_T.c"
N:\Development\Dev_Base\curl-7.81.0\msvc\CMakeFiles\CheckTypeSize\SIZEOF_SA_FAMILY_T.c(3,10): fatal error C1083: Cannot open include file: 'sys/socket.h': No such file or directory [N:\Development\Dev_Base\curl-7.81.0\msvc\CMakeFiles\CMakeTmp\cmTC_dccc4.vcxproj]


N:/Development/Dev_Base/curl-7.81.0/msvc/CMakeFiles/CheckTypeSize/SIZEOF_SA_FAMILY_T.c:
#include <sys/types.h>
#include <stddef.h>
#include "sys/socket.h"


#undef KEY
#if defined(__i386)
# define KEY '_','_','i','3','8','6'
#elif defined(__x86_64)
# define KEY '_','_','x','8','6','_','6','4'
#elif defined(__PPC64__)
# define KEY '_','_','P','P','C','6','4','_','_'
#elif defined(__ppc64__)
# define KEY '_','_','p','p','c','6','4','_','_'
#elif defined(__PPC__)
# define KEY '_','_','P','P','C','_','_'
#elif defined(__ppc__)
# define KEY '_','_','p','p','c','_','_'
#elif defined(__aarch64__)
# define KEY '_','_','a','a','r','c','h','6','4','_','_'
#elif defined(__ARM_ARCH_7A__)
# define KEY '_','_','A','R','M','_','A','R','C','H','_','7','A','_','_'
#elif defined(__ARM_ARCH_7S__)
# define KEY '_','_','A','R','M','_','A','R','C','H','_','7','S','_','_'
#endif

#define SIZE (sizeof(sa_family_t))
static char info_size[] =  {'I', 'N', 'F', 'O', ':', 's','i','z','e','[',
  ('0' + ((SIZE / 10000)%10)),
  ('0' + ((SIZE / 1000)%10)),
  ('0' + ((SIZE / 100)%10)),
  ('0' + ((SIZE / 10)%10)),
  ('0' +  (SIZE    % 10)),
  ']',
#ifdef KEY
  ' ','k','e','y','[', KEY, ']',
#endif
  '\0'};

#ifdef __CLASSIC_C__
int main(argc, argv) int argc; char *argv[];
#else
int main(int argc, char *argv[])
#endif
{
  int require = 0;
  require += info_size[argc];
  (void)argv;
  return require;
}


Determining size of ADDRESS_FAMILY failed with the following output:
Change Dir: N:/Development/Dev_Base/curl-7.81.0/msvc/CMakeFiles/CMakeTmp

Run Build Command(s):C:/Program Files (x86)/Microsoft Visual Studio/2019/Enterprise/MSBuild/Current/Bin/MSBuild.exe cmTC_7152b.vcxproj /p:Configuration=Debug /p:Platform=x64 /p:VisualStudioVersion=16.0 /v:m && Microsoft (R) Build Engine version 16.11.2+f32259642 for .NET Framework
Copyright (C) Microsoft Corporation. All rights reserved.

  Microsoft (R) C/C++ Optimizing Compiler Version 19.29.30138 for x64
  Copyright (C) Microsoft Corporation.  All rights reserved.
  SIZEOF_ADDRESS_FAMILY.c
  cl /c /I"N:\Development\Dev_Base\zlib-1.2.11" /I"C:\Program Files (x86)\Visual Leak Detector\include" /Zi /W1 /WX- /diagnostics:column /Od /Ob0 /D WIN32 /D _WINDOWS /D _WIN32_WINNT=0x0600 /D _WINSOCKAPI_= /D "CMAKE_INTDIR=\"Debug\"" /D _MBCS /Gm- /RTC1 /MDd /GS /fp:precise /Zc:wchar_t /Zc:forScope /Zc:inline /Fo"cmTC_7152b.dir\Debug\\" /Fd"cmTC_7152b.dir\Debug\vc142.pdb" /external:W1 /Gd /TC /errorReport:queue "N:\Development\Dev_Base\curl-7.81.0\msvc\CMakeFiles\CheckTypeSize\SIZEOF_ADDRESS_FAMILY.c"
C:\Program Files (x86)\Windows Kits\10\Include\10.0.19041.0\shared\ws2def.h(47,1): fatal error C1189: #error:  Do not include winsock.h and ws2def.h in the same module. Instead include only winsock2.h. [N:\Development\Dev_Base\curl-7.81.0\msvc\CMakeFiles\CMakeTmp\cmTC_7152b.vcxproj]


N:/Development/Dev_Base/curl-7.81.0/msvc/CMakeFiles/CheckTypeSize/SIZEOF_ADDRESS_FAMILY.c:
#include <sys/types.h>
#include <stddef.h>
#include "ws2def.h"


#undef KEY
#if defined(__i386)
# define KEY '_','_','i','3','8','6'
#elif defined(__x86_64)
# define KEY '_','_','x','8','6','_','6','4'
#elif defined(__PPC64__)
# define KEY '_','_','P','P','C','6','4','_','_'
#elif defined(__ppc64__)
# define KEY '_','_','p','p','c','6','4','_','_'
#elif defined(__PPC__)
# define KEY '_','_','P','P','C','_','_'
#elif defined(__ppc__)
# define KEY '_','_','p','p','c','_','_'
#elif defined(__aarch64__)
# define KEY '_','_','a','a','r','c','h','6','4','_','_'
#elif defined(__ARM_ARCH_7A__)
# define KEY '_','_','A','R','M','_','A','R','C','H','_','7','A','_','_'
#elif defined(__ARM_ARCH_7S__)
# define KEY '_','_','A','R','M','_','A','R','C','H','_','7','S','_','_'
#endif

#define SIZE (sizeof(ADDRESS_FAMILY))
static char info_size[] =  {'I', 'N', 'F', 'O', ':', 's','i','z','e','[',
  ('0' + ((SIZE / 10000)%10)),
  ('0' + ((SIZE / 1000)%10)),
  ('0' + ((SIZE / 100)%10)),
  ('0' + ((SIZE / 10)%10)),
  ('0' +  (SIZE    % 10)),
  ']',
#ifdef KEY
  ' ','k','e','y','[', KEY, ']',
#endif
  '\0'};

#ifdef __CLASSIC_C__
int main(argc, argv) int argc; char *argv[];
#else
int main(int argc, char *argv[])
#endif
{
  int require = 0;
  require += info_size[argc];
  (void)argv;
  return require;
}


Performing Curl Test HAVE_FCNTL_O_NONBLOCK failed with the following output:
Change Dir: N:/Development/Dev_Base/curl-7.81.0/msvc/CMakeFiles/CMakeTmp

Run Build Command(s):C:/Program Files (x86)/Microsoft Visual Studio/2019/Enterprise/MSBuild/Current/Bin/MSBuild.exe cmTC_cd98e.vcxproj /p:Configuration=Debug /p:Platform=x64 /p:VisualStudioVersion=16.0 /v:m && Microsoft (R) Build Engine version 16.11.2+f32259642 for .NET Framework
Copyright (C) Microsoft Corporation. All rights reserved.

  Microsoft (R) C/C++ Optimizing Compiler Version 19.29.30138 for x64
  Copyright (C) Microsoft Corporation.  All rights reserved.
  CurlTests.c
  cl /c /I"C:\Program Files (x86)\Visual Leak Detector\include" /Zi /W1 /WX- /diagnostics:column /Od /Ob0 /D WIN32 /D _WINDOWS /D HAVE_FCNTL_O_NONBLOCK /D HAVE_WINDOWS_H /D HAVE_WS2TCPIP_H /D HAVE_WINSOCK2_H /D HAVE_WINCRYPT_H /D HAVE_STDIO_H /D HAVE_SYS_STAT_H /D HAVE_SYS_TYPES_H /D HAVE_SYS_UTIME_H /D HAVE_ASSERT_H /D HAVE_ERRNO_H /D HAVE_FCNTL_H /D HAVE_IO_H /D HAVE_LOCALE_H /D HAVE_SETJMP_H /D HAVE_SIGNAL_H /D HAVE_STDBOOL_H /D HAVE_STDLIB_H /D HAVE_STRING_H /D HAVE_TIME_H /D HAVE_PROCESS_H /D HAVE_STDDEF_H /D HAVE_MALLOC_H /D HAVE_MEMORY_H /D "CMAKE_INTDIR=\"Debug\"" /D _MBCS /Gm- /RTC1 /MDd /GS /fp:precise /Zc:wchar_t /Zc:forScope /Zc:inline /Fo"cmTC_cd98e.dir\Debug\\" /Fd"cmTC_cd98e.dir\Debug\vc142.pdb" /external:W1 /Gd /TC /errorReport:queue "N:\Development\Dev_Base\curl-7.81.0\CMake\CurlTests.c"
N:\Development\Dev_Base\curl-7.81.0\CMake\CurlTests.c(44,10): fatal error C1083: Cannot open include file: 'unistd.h': No such file or directory [N:\Development\Dev_Base\curl-7.81.0\msvc\CMakeFiles\CMakeTmp\cmTC_cd98e.vcxproj]


Performing Curl Test HAVE_IOCTLSOCKET_CAMEL failed with the following output:
Change Dir: N:/Development/Dev_Base/curl-7.81.0/msvc/CMakeFiles/CMakeTmp

Run Build Command(s):C:/Program Files (x86)/Microsoft Visual Studio/2019/Enterprise/MSBuild/Current/Bin/MSBuild.exe cmTC_890e9.vcxproj /p:Configuration=Debug /p:Platform=x64 /p:VisualStudioVersion=16.0 /v:m && Microsoft (R) Build Engine version 16.11.2+f32259642 for .NET Framework
Copyright (C) Microsoft Corporation. All rights reserved.

  Microsoft (R) C/C++ Optimizing Compiler Version 19.29.30138 for x64
  Copyright (C) Microsoft Corporation.  All rights reserved.
  CurlTests.c
  cl /c /I"C:\Program Files (x86)\Visual Leak Detector\include" /Zi /W1 /WX- /diagnostics:column /Od /Ob0 /D WIN32 /D _WINDOWS /D HAVE_IOCTLSOCKET_CAMEL /D HAVE_WINDOWS_H /D HAVE_WS2TCPIP_H /D HAVE_WINSOCK2_H /D HAVE_WINCRYPT_H /D HAVE_STDIO_H /D HAVE_SYS_STAT_H /D HAVE_SYS_TYPES_H /D HAVE_SYS_UTIME_H /D HAVE_ASSERT_H /D HAVE_ERRNO_H /D HAVE_FCNTL_H /D HAVE_IO_H /D HAVE_LOCALE_H /D HAVE_SETJMP_H /D HAVE_SIGNAL_H /D HAVE_STDBOOL_H /D HAVE_STDLIB_H /D HAVE_STRING_H /D HAVE_TIME_H /D HAVE_PROCESS_H /D HAVE_STDDEF_H /D HAVE_MALLOC_H /D HAVE_MEMORY_H /D "CMAKE_INTDIR=\"Debug\"" /D _MBCS /Gm- /RTC1 /MDd /GS /fp:precise /Zc:wchar_t /Zc:forScope /Zc:inline /Fo"cmTC_890e9.dir\Debug\\" /Fd"cmTC_890e9.dir\Debug\vc142.pdb" /external:W1 /Gd /TC /errorReport:queue "N:\Development\Dev_Base\curl-7.81.0\CMake\CurlTests.c"
CurlTests.obj : error LNK2019: unresolved external symbol IoctlSocket referenced in function main [N:\Development\Dev_Base\curl-7.81.0\msvc\CMakeFiles\CMakeTmp\cmTC_890e9.vcxproj]
N:\Development\Dev_Base\curl-7.81.0\msvc\CMakeFiles\CMakeTmp\Debug\cmTC_890e9.exe : fatal error LNK1120: 1 unresolved externals [N:\Development\Dev_Base\curl-7.81.0\msvc\CMakeFiles\CMakeTmp\cmTC_890e9.vcxproj]


Performing Curl Test HAVE_IOCTLSOCKET_CAMEL_FIONBIO failed with the following output:
Change Dir: N:/Development/Dev_Base/curl-7.81.0/msvc/CMakeFiles/CMakeTmp

Run Build Command(s):C:/Program Files (x86)/Microsoft Visual Studio/2019/Enterprise/MSBuild/Current/Bin/MSBuild.exe cmTC_37aa8.vcxproj /p:Configuration=Debug /p:Platform=x64 /p:VisualStudioVersion=16.0 /v:m && Microsoft (R) Build Engine version 16.11.2+f32259642 for .NET Framework
Copyright (C) Microsoft Corporation. All rights reserved.

  Microsoft (R) C/C++ Optimizing Compiler Version 19.29.30138 for x64
  Copyright (C) Microsoft Corporation.  All rights reserved.
  CurlTests.c
  cl /c /I"C:\Program Files (x86)\Visual Leak Detector\include" /Zi /W1 /WX- /diagnostics:column /Od /Ob0 /D WIN32 /D _WINDOWS /D HAVE_IOCTLSOCKET_CAMEL_FIONBIO /D HAVE_WINDOWS_H /D HAVE_WS2TCPIP_H /D HAVE_WINSOCK2_H /D HAVE_WINCRYPT_H /D HAVE_STDIO_H /D HAVE_SYS_STAT_H /D HAVE_SYS_TYPES_H /D HAVE_SYS_UTIME_H /D HAVE_ASSERT_H /D HAVE_ERRNO_H /D HAVE_FCNTL_H /D HAVE_IO_H /D HAVE_LOCALE_H /D HAVE_SETJMP_H /D HAVE_SIGNAL_H /D HAVE_STDBOOL_H /D HAVE_STDLIB_H /D HAVE_STRING_H /D HAVE_TIME_H /D HAVE_PROCESS_H /D HAVE_STDDEF_H /D HAVE_MALLOC_H /D HAVE_MEMORY_H /D "CMAKE_INTDIR=\"Debug\"" /D _MBCS /Gm- /RTC1 /MDd /GS /fp:precise /Zc:wchar_t /Zc:forScope /Zc:inline /Fo"cmTC_37aa8.dir\Debug\\" /Fd"cmTC_37aa8.dir\Debug\vc142.pdb" /external:W1 /Gd /TC /errorReport:queue "N:\Development\Dev_Base\curl-7.81.0\CMake\CurlTests.c"
CurlTests.obj : error LNK2019: unresolved external symbol IoctlSocket referenced in function main [N:\Development\Dev_Base\curl-7.81.0\msvc\CMakeFiles\CMakeTmp\cmTC_37aa8.vcxproj]
N:\Development\Dev_Base\curl-7.81.0\msvc\CMakeFiles\CMakeTmp\Debug\cmTC_37aa8.exe : fatal error LNK1120: 1 unresolved externals [N:\Development\Dev_Base\curl-7.81.0\msvc\CMakeFiles\CMakeTmp\cmTC_37aa8.vcxproj]


Performing Curl Test HAVE_IOCTL_FIONBIO failed with the following output:
Change Dir: N:/Development/Dev_Base/curl-7.81.0/msvc/CMakeFiles/CMakeTmp

Run Build Command(s):C:/Program Files (x86)/Microsoft Visual Studio/2019/Enterprise/MSBuild/Current/Bin/MSBuild.exe cmTC_bd1bf.vcxproj /p:Configuration=Debug /p:Platform=x64 /p:VisualStudioVersion=16.0 /v:m && Microsoft (R) Build Engine version 16.11.2+f32259642 for .NET Framework
Copyright (C) Microsoft Corporation. All rights reserved.

  Microsoft (R) C/C++ Optimizing Compiler Version 19.29.30138 for x64
  Copyright (C) Microsoft Corporation.  All rights reserved.
  CurlTests.c
  cl /c /I"C:\Program Files (x86)\Visual Leak Detector\include" /Zi /W1 /WX- /diagnostics:column /Od /Ob0 /D WIN32 /D _WINDOWS /D HAVE_IOCTL_FIONBIO /D HAVE_WINDOWS_H /D HAVE_WS2TCPIP_H /D HAVE_WINSOCK2_H /D HAVE_WINCRYPT_H /D HAVE_STDIO_H /D HAVE_SYS_STAT_H /D HAVE_SYS_TYPES_H /D HAVE_SYS_UTIME_H /D HAVE_ASSERT_H /D HAVE_ERRNO_H /D HAVE_FCNTL_H /D HAVE_IO_H /D HAVE_LOCALE_H /D HAVE_SETJMP_H /D HAVE_SIGNAL_H /D HAVE_STDBOOL_H /D HAVE_STDLIB_H /D HAVE_STRING_H /D HAVE_TIME_H /D HAVE_PROCESS_H /D HAVE_STDDEF_H /D HAVE_MALLOC_H /D HAVE_MEMORY_H /D "CMAKE_INTDIR=\"Debug\"" /D _MBCS /Gm- /RTC1 /MDd /GS /fp:precise /Zc:wchar_t /Zc:forScope /Zc:inline /Fo"cmTC_bd1bf.dir\Debug\\" /Fd"cmTC_bd1bf.dir\Debug\vc142.pdb" /external:W1 /Gd /TC /errorReport:queue "N:\Development\Dev_Base\curl-7.81.0\CMake\CurlTests.c"
N:\Development\Dev_Base\curl-7.81.0\CMake\CurlTests.c(343,33): error C2065: 'FIONBIO': undeclared identifier [N:\Development\Dev_Base\curl-7.81.0\msvc\CMakeFiles\CMakeTmp\cmTC_bd1bf.vcxproj]


Performing Curl Test HAVE_IOCTL_SIOCGIFADDR failed with the following output:
Change Dir: N:/Development/Dev_Base/curl-7.81.0/msvc/CMakeFiles/CMakeTmp

Run Build Command(s):C:/Program Files (x86)/Microsoft Visual Studio/2019/Enterprise/MSBuild/Current/Bin/MSBuild.exe cmTC_527b1.vcxproj /p:Configuration=Debug /p:Platform=x64 /p:VisualStudioVersion=16.0 /v:m && Microsoft (R) Build Engine version 16.11.2+f32259642 for .NET Framework
Copyright (C) Microsoft Corporation. All rights reserved.

  Microsoft (R) C/C++ Optimizing Compiler Version 19.29.30138 for x64
  Copyright (C) Microsoft Corporation.  All rights reserved.
  CurlTests.c
  cl /c /I"C:\Program Files (x86)\Visual Leak Detector\include" /Zi /W1 /WX- /diagnostics:column /Od /Ob0 /D WIN32 /D _WINDOWS /D HAVE_IOCTL_SIOCGIFADDR /D HAVE_WINDOWS_H /D HAVE_WS2TCPIP_H /D HAVE_WINSOCK2_H /D HAVE_WINCRYPT_H /D HAVE_STDIO_H /D HAVE_SYS_STAT_H /D HAVE_SYS_TYPES_H /D HAVE_SYS_UTIME_H /D HAVE_ASSERT_H /D HAVE_ERRNO_H /D HAVE_FCNTL_H /D HAVE_IO_H /D HAVE_LOCALE_H /D HAVE_SETJMP_H /D HAVE_SIGNAL_H /D HAVE_STDBOOL_H /D HAVE_STDLIB_H /D HAVE_STRING_H /D HAVE_TIME_H /D HAVE_PROCESS_H /D HAVE_STDDEF_H /D HAVE_MALLOC_H /D HAVE_MEMORY_H /D "CMAKE_INTDIR=\"Debug\"" /D _MBCS /Gm- /RTC1 /MDd /GS /fp:precise /Zc:wchar_t /Zc:forScope /Zc:inline /Fo"cmTC_527b1.dir\Debug\\" /Fd"cmTC_527b1.dir\Debug\vc142.pdb" /external:W1 /Gd /TC /errorReport:queue "N:\Development\Dev_Base\curl-7.81.0\CMake\CurlTests.c"
N:\Development\Dev_Base\curl-7.81.0\CMake\CurlTests.c(368,10): fatal error C1083: Cannot open include file: 'net/if.h': No such file or directory [N:\Development\Dev_Base\curl-7.81.0\msvc\CMakeFiles\CMakeTmp\cmTC_527b1.vcxproj]


Performing Curl Test HAVE_SETSOCKOPT_SO_NONBLOCK failed with the following output:
Change Dir: N:/Development/Dev_Base/curl-7.81.0/msvc/CMakeFiles/CMakeTmp

Run Build Command(s):C:/Program Files (x86)/Microsoft Visual Studio/2019/Enterprise/MSBuild/Current/Bin/MSBuild.exe cmTC_8876b.vcxproj /p:Configuration=Debug /p:Platform=x64 /p:VisualStudioVersion=16.0 /v:m && Microsoft (R) Build Engine version 16.11.2+f32259642 for .NET Framework
Copyright (C) Microsoft Corporation. All rights reserved.

  Microsoft (R) C/C++ Optimizing Compiler Version 19.29.30138 for x64
  Copyright (C) Microsoft Corporation.  All rights reserved.
  CurlTests.c
  cl /c /I"C:\Program Files (x86)\Visual Leak Detector\include" /Zi /W1 /WX- /diagnostics:column /Od /Ob0 /D WIN32 /D _WINDOWS /D HAVE_SETSOCKOPT_SO_NONBLOCK /D HAVE_WINDOWS_H /D HAVE_WS2TCPIP_H /D HAVE_WINSOCK2_H /D HAVE_WINCRYPT_H /D HAVE_STDIO_H /D HAVE_SYS_STAT_H /D HAVE_SYS_TYPES_H /D HAVE_SYS_UTIME_H /D HAVE_ASSERT_H /D HAVE_ERRNO_H /D HAVE_FCNTL_H /D HAVE_IO_H /D HAVE_LOCALE_H /D HAVE_SETJMP_H /D HAVE_SIGNAL_H /D HAVE_STDBOOL_H /D HAVE_STDLIB_H /D HAVE_STRING_H /D HAVE_TIME_H /D HAVE_PROCESS_H /D HAVE_STDDEF_H /D HAVE_MALLOC_H /D HAVE_MEMORY_H /D "CMAKE_INTDIR=\"Debug\"" /D _MBCS /Gm- /RTC1 /MDd /GS /fp:precise /Zc:wchar_t /Zc:forScope /Zc:inline /Fo"cmTC_8876b.dir\Debug\\" /Fd"cmTC_8876b.dir\Debug\vc142.pdb" /external:W1 /Gd /TC /errorReport:queue "N:\Development\Dev_Base\curl-7.81.0\CMake\CurlTests.c"
N:\Development\Dev_Base\curl-7.81.0\CMake\CurlTests.c(404,54): error C2065: 'SO_NONBLOCK': undeclared identifier [N:\Development\Dev_Base\curl-7.81.0\msvc\CMakeFiles\CMakeTmp\cmTC_8876b.vcxproj]


Performing Curl Test HAVE_SOCKADDR_IN6_SIN6_SCOPE_ID failed with the following output:
Change Dir: N:/Development/Dev_Base/curl-7.81.0/msvc/CMakeFiles/CMakeTmp

Run Build Command(s):C:/Program Files (x86)/Microsoft Visual Studio/2019/Enterprise/MSBuild/Current/Bin/MSBuild.exe cmTC_a8f6d.vcxproj /p:Configuration=Debug /p:Platform=x64 /p:VisualStudioVersion=16.0 /v:m && Microsoft (R) Build Engine version 16.11.2+f32259642 for .NET Framework
Copyright (C) Microsoft Corporation. All rights reserved.

  Microsoft (R) C/C++ Optimizing Compiler Version 19.29.30138 for x64
  Copyright (C) Microsoft Corporation.  All rights reserved.
  CurlTests.c
  cl /c /I"C:\Program Files (x86)\Visual Leak Detector\include" /Zi /W1 /WX- /diagnostics:column /Od /Ob0 /D WIN32 /D _WINDOWS /D HAVE_SOCKADDR_IN6_SIN6_SCOPE_ID /D HAVE_WINDOWS_H /D HAVE_WS2TCPIP_H /D HAVE_WINSOCK2_H /D HAVE_WINCRYPT_H /D HAVE_STDIO_H /D HAVE_SYS_STAT_H /D HAVE_SYS_TYPES_H /D HAVE_SYS_UTIME_H /D HAVE_ASSERT_H /D HAVE_ERRNO_H /D HAVE_FCNTL_H /D HAVE_IO_H /D HAVE_LOCALE_H /D HAVE_SETJMP_H /D HAVE_SIGNAL_H /D HAVE_STDBOOL_H /D HAVE_STDLIB_H /D HAVE_STRING_H /D HAVE_TIME_H /D HAVE_PROCESS_H /D HAVE_STDDEF_H /D HAVE_MALLOC_H /D HAVE_MEMORY_H /D "CMAKE_INTDIR=\"Debug\"" /D _MBCS /Gm- /RTC1 /MDd /GS /fp:precise /Zc:wchar_t /Zc:forScope /Zc:inline /Fo"cmTC_a8f6d.dir\Debug\\" /Fd"cmTC_a8f6d.dir\Debug\vc142.pdb" /external:W1 /Gd /TC /errorReport:queue "N:\Development\Dev_Base\curl-7.81.0\CMake\CurlTests.c"
MSVCRTD.lib(exe_main.obj) : error LNK2019: unresolved external symbol main referenced in function "int __cdecl invoke_main(void)" (?invoke_main@@YAHXZ) [N:\Development\Dev_Base\curl-7.81.0\msvc\CMakeFiles\CMakeTmp\cmTC_a8f6d.vcxproj]
N:\Development\Dev_Base\curl-7.81.0\msvc\CMakeFiles\CMakeTmp\Debug\cmTC_a8f6d.exe : fatal error LNK1120: 1 unresolved externals [N:\Development\Dev_Base\curl-7.81.0\msvc\CMakeFiles\CMakeTmp\cmTC_a8f6d.vcxproj]


Performing Curl Test HAVE_FILE_OFFSET_BITS failed with the following output:
Change Dir: N:/Development/Dev_Base/curl-7.81.0/msvc/CMakeFiles/CMakeTmp

Run Build Command(s):C:/Program Files (x86)/Microsoft Visual Studio/2019/Enterprise/MSBuild/Current/Bin/MSBuild.exe cmTC_c5b98.vcxproj /p:Configuration=Debug /p:Platform=x64 /p:VisualStudioVersion=16.0 /v:m && Microsoft (R) Build Engine version 16.11.2+f32259642 for .NET Framework
Copyright (C) Microsoft Corporation. All rights reserved.

  Microsoft (R) C/C++ Optimizing Compiler Version 19.29.30138 for x64
  Copyright (C) Microsoft Corporation.  All rights reserved.
  CurlTests.c
  cl /c /I"C:\Program Files (x86)\Visual Leak Detector\include" /Zi /W1 /WX- /diagnostics:column /Od /Ob0 /D WIN32 /D _WINDOWS /D HAVE_FILE_OFFSET_BITS /D HAVE_WINDOWS_H /D HAVE_WS2TCPIP_H /D HAVE_WINSOCK2_H /D HAVE_WINCRYPT_H /D HAVE_STDIO_H /D HAVE_SYS_STAT_H /D HAVE_SYS_TYPES_H /D HAVE_SYS_UTIME_H /D HAVE_ASSERT_H /D HAVE_ERRNO_H /D HAVE_FCNTL_H /D HAVE_IO_H /D HAVE_LOCALE_H /D HAVE_SETJMP_H /D HAVE_SIGNAL_H /D HAVE_STDBOOL_H /D HAVE_STDLIB_H /D HAVE_STRING_H /D HAVE_TIME_H /D HAVE_PROCESS_H /D HAVE_STDDEF_H /D HAVE_MALLOC_H /D HAVE_MEMORY_H /D "CMAKE_INTDIR=\"Debug\"" /D _MBCS /Gm- /RTC1 /MDd /GS /fp:precise /Zc:wchar_t /Zc:forScope /Zc:inline /Fo"cmTC_c5b98.dir\Debug\\" /Fd"cmTC_c5b98.dir\Debug\vc142.pdb" /external:W1 /Gd /TC /errorReport:queue "N:\Development\Dev_Base\curl-7.81.0\CMake\CurlTests.c"
N:\Development\Dev_Base\curl-7.81.0\CMake\CurlTests.c(218,23): warning C4293: '<<': shift count negative or too big, undefined behavior [N:\Development\Dev_Base\curl-7.81.0\msvc\CMakeFiles\CMakeTmp\cmTC_c5b98.vcxproj]
N:\Development\Dev_Base\curl-7.81.0\CMake\CurlTests.c(219,27): warning C4293: '<<': shift count negative or too big, undefined behavior [N:\Development\Dev_Base\curl-7.81.0\msvc\CMakeFiles\CMakeTmp\cmTC_c5b98.vcxproj]
N:\Development\Dev_Base\curl-7.81.0\CMake\CurlTests.c(220,31): error C2118: negative subscript [N:\Development\Dev_Base\curl-7.81.0\msvc\CMakeFiles\CMakeTmp\cmTC_c5b98.vcxproj]


Performing Curl Test HAVE_VARIADIC_MACROS_GCC failed with the following output:
Change Dir: N:/Development/Dev_Base/curl-7.81.0/msvc/CMakeFiles/CMakeTmp

Run Build Command(s):C:/Program Files (x86)/Microsoft Visual Studio/2019/Enterprise/MSBuild/Current/Bin/MSBuild.exe cmTC_3cd81.vcxproj /p:Configuration=Debug /p:Platform=x64 /p:VisualStudioVersion=16.0 /v:m && Microsoft (R) Build Engine version 16.11.2+f32259642 for .NET Framework
Copyright (C) Microsoft Corporation. All rights reserved.

  Microsoft (R) C/C++ Optimizing Compiler Version 19.29.30138 for x64
  Copyright (C) Microsoft Corporation.  All rights reserved.
  CurlTests.c
  cl /c /I"C:\Program Files (x86)\Visual Leak Detector\include" /Zi /W1 /WX- /diagnostics:column /Od /Ob0 /D WIN32 /D _WINDOWS /D HAVE_VARIADIC_MACROS_GCC /D HAVE_WINDOWS_H /D HAVE_WS2TCPIP_H /D HAVE_WINSOCK2_H /D HAVE_WINCRYPT_H /D HAVE_STDIO_H /D HAVE_SYS_STAT_H /D HAVE_SYS_TYPES_H /D HAVE_SYS_UTIME_H /D HAVE_ASSERT_H /D HAVE_ERRNO_H /D HAVE_FCNTL_H /D HAVE_IO_H /D HAVE_LOCALE_H /D HAVE_SETJMP_H /D HAVE_SIGNAL_H /D HAVE_STDBOOL_H /D HAVE_STDLIB_H /D HAVE_STRING_H /D HAVE_TIME_H /D HAVE_PROCESS_H /D HAVE_STDDEF_H /D HAVE_MALLOC_H /D HAVE_MEMORY_H /D "CMAKE_INTDIR=\"Debug\"" /D _MBCS /Gm- /RTC1 /MDd /GS /fp:precise /Zc:wchar_t /Zc:forScope /Zc:inline /Fo"cmTC_3cd81.dir\Debug\\" /Fd"cmTC_3cd81.dir\Debug\vc142.pdb" /external:W1 /Gd /TC /errorReport:queue "N:\Development\Dev_Base\curl-7.81.0\CMake\CurlTests.c"
N:\Development\Dev_Base\curl-7.81.0\CMake\CurlTests.c(495,1): error C2010: '.': unexpected in macro parameter list [N:\Development\Dev_Base\curl-7.81.0\msvc\CMakeFiles\CMakeTmp\cmTC_3cd81.vcxproj]
N:\Development\Dev_Base\curl-7.81.0\CMake\CurlTests.c(496,1): error C2010: '.': unexpected in macro parameter list [N:\Development\Dev_Base\curl-7.81.0\msvc\CMakeFiles\CMakeTmp\cmTC_3cd81.vcxproj]


Performing Curl Test HAVE_GLIBC_STRERROR_R failed with the following output:
Change Dir: N:/Development/Dev_Base/curl-7.81.0/msvc/CMakeFiles/CMakeTmp

Run Build Command(s):C:/Program Files (x86)/Microsoft Visual Studio/2019/Enterprise/MSBuild/Current/Bin/MSBuild.exe cmTC_7ebe2.vcxproj /p:Configuration=Debug /p:Platform=x64 /p:VisualStudioVersion=16.0 /v:m && Microsoft (R) Build Engine version 16.11.2+f32259642 for .NET Framework
Copyright (C) Microsoft Corporation. All rights reserved.

  Microsoft (R) C/C++ Optimizing Compiler Version 19.29.30138 for x64
  Copyright (C) Microsoft Corporation.  All rights reserved.
  CurlTests.c
  cl /c /I"C:\Program Files (x86)\Visual Leak Detector\include" /Zi /W1 /WX- /diagnostics:column /Od /Ob0 /D WIN32 /D _WINDOWS /D HAVE_GLIBC_STRERROR_R /D HAVE_WINDOWS_H /D HAVE_WS2TCPIP_H /D HAVE_WINSOCK2_H /D HAVE_WINCRYPT_H /D HAVE_STDIO_H /D HAVE_SYS_STAT_H /D HAVE_SYS_TYPES_H /D HAVE_SYS_UTIME_H /D HAVE_ASSERT_H /D HAVE_ERRNO_H /D HAVE_FCNTL_H /D HAVE_IO_H /D HAVE_LOCALE_H /D HAVE_SETJMP_H /D HAVE_SIGNAL_H /D HAVE_STDBOOL_H /D HAVE_STDLIB_H /D HAVE_STRING_H /D HAVE_TIME_H /D HAVE_PROCESS_H /D HAVE_STDDEF_H /D HAVE_MALLOC_H /D HAVE_MEMORY_H /D "CMAKE_INTDIR=\"Debug\"" /D _MBCS /Gm- /RTC1 /MDd /GS /fp:precise /Zc:wchar_t /Zc:forScope /Zc:inline /Fo"cmTC_7ebe2.dir\Debug\\" /Fd"cmTC_7ebe2.dir\Debug\vc142.pdb" /external:W1 /Gd /TC /errorReport:queue "N:\Development\Dev_Base\curl-7.81.0\CMake\CurlTests.c"
N:\Development\Dev_Base\curl-7.81.0\CMake\CurlTests.c(420,53): error C2109: subscript requires array or pointer type [N:\Development\Dev_Base\curl-7.81.0\msvc\CMakeFiles\CMakeTmp\cmTC_7ebe2.vcxproj]
N:\Development\Dev_Base\curl-7.81.0\CMake\CurlTests.c(420,8): error C2198: 'check': too few arguments for call [N:\Development\Dev_Base\curl-7.81.0\msvc\CMakeFiles\CMakeTmp\cmTC_7ebe2.vcxproj]


Performing Curl Test HAVE_POSIX_STRERROR_R failed with the following output:
Change Dir: N:/Development/Dev_Base/curl-7.81.0/msvc/CMakeFiles/CMakeTmp

Run Build Command(s):C:/Program Files (x86)/Microsoft Visual Studio/2019/Enterprise/MSBuild/Current/Bin/MSBuild.exe cmTC_8fee9.vcxproj /p:Configuration=Debug /p:Platform=x64 /p:VisualStudioVersion=16.0 /v:m && Microsoft (R) Build Engine version 16.11.2+f32259642 for .NET Framework
Copyright (C) Microsoft Corporation. All rights reserved.

  Microsoft (R) C/C++ Optimizing Compiler Version 19.29.30138 for x64
  Copyright (C) Microsoft Corporation.  All rights reserved.
  CurlTests.c
  cl /c /I"C:\Program Files (x86)\Visual Leak Detector\include" /Zi /W1 /WX- /diagnostics:column /Od /Ob0 /D WIN32 /D _WINDOWS /D HAVE_POSIX_STRERROR_R /D HAVE_WINDOWS_H /D HAVE_WS2TCPIP_H /D HAVE_WINSOCK2_H /D HAVE_WINCRYPT_H /D HAVE_STDIO_H /D HAVE_SYS_STAT_H /D HAVE_SYS_TYPES_H /D HAVE_SYS_UTIME_H /D HAVE_ASSERT_H /D HAVE_ERRNO_H /D HAVE_FCNTL_H /D HAVE_IO_H /D HAVE_LOCALE_H /D HAVE_SETJMP_H /D HAVE_SIGNAL_H /D HAVE_STDBOOL_H /D HAVE_STDLIB_H /D HAVE_STRING_H /D HAVE_TIME_H /D HAVE_PROCESS_H /D HAVE_STDDEF_H /D HAVE_MALLOC_H /D HAVE_MEMORY_H /D "CMAKE_INTDIR=\"Debug\"" /D _MBCS /Gm- /RTC1 /MDd /GS /fp:precise /Zc:wchar_t /Zc:forScope /Zc:inline /Fo"cmTC_8fee9.dir\Debug\\" /Fd"cmTC_8fee9.dir\Debug\vc142.pdb" /external:W1 /Gd /TC /errorReport:queue "N:\Development\Dev_Base\curl-7.81.0\CMake\CurlTests.c"
CurlTests.obj : error LNK2019: unresolved external symbol strerror_r referenced in function main [N:\Development\Dev_Base\curl-7.81.0\msvc\CMakeFiles\CMakeTmp\cmTC_8fee9.vcxproj]
N:\Development\Dev_Base\curl-7.81.0\msvc\CMakeFiles\CMakeTmp\Debug\cmTC_8fee9.exe : fatal error LNK1120: 1 unresolved externals [N:\Development\Dev_Base\curl-7.81.0\msvc\CMakeFiles\CMakeTmp\cmTC_8fee9.vcxproj]


Performing Curl Test HAVE_CLOCK_GETTIME_MONOTONIC failed with the following output:
Change Dir: N:/Development/Dev_Base/curl-7.81.0/msvc/CMakeFiles/CMakeTmp

Run Build Command(s):C:/Program Files (x86)/Microsoft Visual Studio/2019/Enterprise/MSBuild/Current/Bin/MSBuild.exe cmTC_1dee5.vcxproj /p:Configuration=Debug /p:Platform=x64 /p:VisualStudioVersion=16.0 /v:m && Microsoft (R) Build Engine version 16.11.2+f32259642 for .NET Framework
Copyright (C) Microsoft Corporation. All rights reserved.

  Microsoft (R) C/C++ Optimizing Compiler Version 19.29.30138 for x64
  Copyright (C) Microsoft Corporation.  All rights reserved.
  CurlTests.c
  cl /c /I"C:\Program Files (x86)\Visual Leak Detector\include" /Zi /W1 /WX- /diagnostics:column /Od /Ob0 /D WIN32 /D _WINDOWS /D HAVE_CLOCK_GETTIME_MONOTONIC /D HAVE_WINDOWS_H /D HAVE_WS2TCPIP_H /D HAVE_WINSOCK2_H /D HAVE_WINCRYPT_H /D HAVE_STDIO_H /D HAVE_SYS_STAT_H /D HAVE_SYS_TYPES_H /D HAVE_SYS_UTIME_H /D HAVE_ASSERT_H /D HAVE_ERRNO_H /D HAVE_FCNTL_H /D HAVE_IO_H /D HAVE_LOCALE_H /D HAVE_SETJMP_H /D HAVE_SIGNAL_H /D HAVE_STDBOOL_H /D HAVE_STDLIB_H /D HAVE_STRING_H /D HAVE_TIME_H /D HAVE_PROCESS_H /D HAVE_STDDEF_H /D HAVE_MALLOC_H /D HAVE_MEMORY_H /D "CMAKE_INTDIR=\"Debug\"" /D _MBCS /Gm- /RTC1 /MDd /GS /fp:precise /Zc:wchar_t /Zc:forScope /Zc:inline /Fo"cmTC_1dee5.dir\Debug\\" /Fd"cmTC_1dee5.dir\Debug\vc142.pdb" /external:W1 /Gd /TC /errorReport:queue "N:\Development\Dev_Base\curl-7.81.0\CMake\CurlTests.c"
N:\Development\Dev_Base\curl-7.81.0\CMake\CurlTests.c(460,32): error C2065: 'CLOCK_MONOTONIC': undeclared identifier [N:\Development\Dev_Base\curl-7.81.0\msvc\CMakeFiles\CMakeTmp\cmTC_1dee5.vcxproj]


Performing Curl Test HAVE_BUILTIN_AVAILABLE failed with the following output:
Change Dir: N:/Development/Dev_Base/curl-7.81.0/msvc/CMakeFiles/CMakeTmp

Run Build Command(s):C:/Program Files (x86)/Microsoft Visual Studio/2019/Enterprise/MSBuild/Current/Bin/MSBuild.exe cmTC_28a41.vcxproj /p:Configuration=Debug /p:Platform=x64 /p:VisualStudioVersion=16.0 /v:m && Microsoft (R) Build Engine version 16.11.2+f32259642 for .NET Framework
Copyright (C) Microsoft Corporation. All rights reserved.

  Microsoft (R) C/C++ Optimizing Compiler Version 19.29.30138 for x64
  Copyright (C) Microsoft Corporation.  All rights reserved.
  CurlTests.c
  cl /c /I"C:\Program Files (x86)\Visual Leak Detector\include" /Zi /W1 /WX- /diagnostics:column /Od /Ob0 /D WIN32 /D _WINDOWS /D HAVE_BUILTIN_AVAILABLE /D HAVE_WINDOWS_H /D HAVE_WS2TCPIP_H /D HAVE_WINSOCK2_H /D HAVE_WINCRYPT_H /D HAVE_STDIO_H /D HAVE_SYS_STAT_H /D HAVE_SYS_TYPES_H /D HAVE_SYS_UTIME_H /D HAVE_ASSERT_H /D HAVE_ERRNO_H /D HAVE_FCNTL_H /D HAVE_IO_H /D HAVE_LOCALE_H /D HAVE_SETJMP_H /D HAVE_SIGNAL_H /D HAVE_STDBOOL_H /D HAVE_STDLIB_H /D HAVE_STRING_H /D HAVE_TIME_H /D HAVE_PROCESS_H /D HAVE_STDDEF_H /D HAVE_MALLOC_H /D HAVE_MEMORY_H /D "CMAKE_INTDIR=\"Debug\"" /D _MBCS /Gm- /RTC1 /MDd /GS /fp:precise /Zc:wchar_t /Zc:forScope /Zc:inline /Fo"cmTC_28a41.dir\Debug\\" /Fd"cmTC_28a41.dir\Debug\vc142.pdb" /external:W1 /Gd /TC /errorReport:queue "N:\Development\Dev_Base\curl-7.81.0\CMake\CurlTests.c"
N:\Development\Dev_Base\curl-7.81.0\CMake\CurlTests.c(467,32): error C2065: 'macOS': undeclared identifier [N:\Development\Dev_Base\curl-7.81.0\msvc\CMakeFiles\CMakeTmp\cmTC_28a41.vcxproj]
N:\Development\Dev_Base\curl-7.81.0\CMake\CurlTests.c(467,32): error C2143: syntax error: missing ')' before 'constant' [N:\Development\Dev_Base\curl-7.81.0\msvc\CMakeFiles\CMakeTmp\cmTC_28a41.vcxproj]
N:\Development\Dev_Base\curl-7.81.0\CMake\CurlTests.c(467,40): error C2059: syntax error: ')' [N:\Development\Dev_Base\curl-7.81.0\msvc\CMakeFiles\CMakeTmp\cmTC_28a41.vcxproj]
N:\Development\Dev_Base\curl-7.81.0\CMake\CurlTests.c(467,41): error C2059: syntax error: ')' [N:\Development\Dev_Base\curl-7.81.0\msvc\CMakeFiles\CMakeTmp\cmTC_28a41.vcxproj]


Performing C SOURCE FILE Test HAVE_MSG_NOSIGNAL failed with the following output:
Change Dir: N:/Development/Dev_Base/curl-7.81.0/msvc/CMakeFiles/CMakeTmp

Run Build Command(s):C:/Program Files (x86)/Microsoft Visual Studio/2019/Enterprise/MSBuild/Current/Bin/MSBuild.exe cmTC_f163c.vcxproj /p:Configuration=Debug /p:Platform=x64 /p:VisualStudioVersion=16.0 /v:m && Microsoft (R) Build Engine version 16.11.2+f32259642 for .NET Framework
Copyright (C) Microsoft Corporation. All rights reserved.

  Microsoft (R) C/C++ Optimizing Compiler Version 19.29.30138 for x64
  Copyright (C) Microsoft Corporation.  All rights reserved.
  src.c
  cl /c /I"N:\Development\Dev_Base\curl-7.81.0\include" /I"C:\Program Files (x86)\Visual Leak Detector\include" /Zi /W1 /WX- /diagnostics:column /Od /Ob0 /D WIN32 /D _WINDOWS /D _WIN32_WINNT=0x0600 /D _WINSOCKAPI_= /D HAVE_MSG_NOSIGNAL /D "CMAKE_INTDIR=\"Debug\"" /D _MBCS /Gm- /RTC1 /MDd /GS /fp:precise /Zc:wchar_t /Zc:forScope /Zc:inline /Fo"cmTC_f163c.dir\Debug\\" /Fd"N:\Development\Dev_Base\curl-7.81.0\msvc\CMakeFiles\CMakeTmp\Debug\cmTC_f163c.pdb" /external:W1 /Gd /TC /errorReport:queue "N:\Development\Dev_Base\curl-7.81.0\msvc\CMakeFiles\CMakeTmp\src.c"
N:\Development\Dev_Base\curl-7.81.0\msvc\CMakeFiles\CMakeTmp\src.c(8,28): error C2065: 'MSG_NOSIGNAL': undeclared identifier [N:\Development\Dev_Base\curl-7.81.0\msvc\CMakeFiles\CMakeTmp\cmTC_f163c.vcxproj]


Source file was:
#undef inline
#include <winsock2.h>
#include <windows.h>
#ifndef WIN32_LEAN_AND_MEAN
#define WIN32_LEAN_AND_MEAN
#endif
  int main(void) {
    int flag = MSG_NOSIGNAL;
    (void)flag;
    return 0;
  }
Performing C SOURCE FILE Test HAVE_POLL_FINE failed with the following compile output:
Change Dir: N:/Development/Dev_Base/curl-7.81.0/msvc/CMakeFiles/CMakeTmp

Run Build Command(s):C:/Program Files (x86)/Microsoft Visual Studio/2019/Enterprise/MSBuild/Current/Bin/MSBuild.exe cmTC_b80b0.vcxproj /p:Configuration=Debug /p:Platform=x64 /p:VisualStudioVersion=16.0 /v:m && Microsoft (R) Build Engine version 16.11.2+f32259642 for .NET Framework
Copyright (C) Microsoft Corporation. All rights reserved.

  Microsoft (R) C/C++ Optimizing Compiler Version 19.29.30138 for x64
  Copyright (C) Microsoft Corporation.  All rights reserved.
  src.c
  cl /c /I"N:\Development\Dev_Base\curl-7.81.0\include" /I"C:\Program Files (x86)\Visual Leak Detector\include" /Zi /W1 /WX- /diagnostics:column /Od /Ob0 /D WIN32 /D _WINDOWS /D _WIN32_WINNT=0x0600 /D _WINSOCKAPI_= /D HAVE_POLL_FINE /D "CMAKE_INTDIR=\"Debug\"" /D _MBCS /Gm- /RTC1 /MDd /GS /fp:precise /Zc:wchar_t /Zc:forScope /Zc:inline /Fo"cmTC_b80b0.dir\Debug\\" /Fd"cmTC_b80b0.dir\Debug\vc142.pdb" /external:W1 /Gd /TC /errorReport:queue "N:\Development\Dev_Base\curl-7.81.0\msvc\CMakeFiles\CMakeTmp\src.c"
N:\Development\Dev_Base\curl-7.81.0\msvc\CMakeFiles\CMakeTmp\src.c(3,14): fatal error C1083: Cannot open include file: 'sys/time.h': No such file or directory [N:\Development\Dev_Base\curl-7.81.0\msvc\CMakeFiles\CMakeTmp\cmTC_b80b0.vcxproj]


...and run output:

Return value: 1
Source file was:

    #include <stdlib.h>
    #include <sys/time.h>

    #ifdef HAVE_SYS_POLL_H
    #  include <sys/poll.h>
    #elif  HAVE_POLL_H
    #  include <poll.h>
    #endif

    int main(void)
    {
        if(0 != poll(0, 0, 10)) {
          return 1; /* fail */
        }
        else {
          /* detect the 10.12 poll() breakage */
          struct timeval before, after;
          int rc;
          size_t us;

          gettimeofday(&before, NULL);
          rc = poll(NULL, 0, 500);
          gettimeofday(&after, NULL);

          us = (after.tv_sec - before.tv_sec) * 1000000 +
            (after.tv_usec - before.tv_usec);

          if(us < 400000) {
            return 1;
          }
        }
        return 0;
    }
